ND AMIDON              46.48  103.32   887.0   1   0WEATND.DAT  
ND BISMARCK WB AIRPORT 46.77  100.75   502.9   2   0WEATND.DAT  
ND CARSON 2 S W        46.38  101.58   762.0   3   0WEATND.DAT  
ND DUNN CENTER         47.35  102.62   667.5   4   0WEATND.DAT  
ND EDMORE 1 W          48.42   98.48   463.3   5   0WEATND.DAT  
ND FESSENDEN           47.65   99.62   490.7   6   0WEATND.DAT  
ND FOXHOLM WILDLIFE RF 48.45  101.57   490.7   7   0WEATND.DAT  
ND GRAFTON STATE SCH   48.42   97.42   253.0   8   0WEATND.DAT  
ND GRENORA             48.62  103.93   643.1   9   0WEATND.DAT  
ND LA MOURE            46.35   98.30   420.6  10   0WEATND.DAT  
ND LEEDS               48.28   99.43   463.3  11   0WEATND.DAT  
ND MAYVILLE            47.50   97.32   298.7  12   0WEATND.DAT  
ND MC CLUSKY           47.48  100.47   591.3  13   0WEATND.DAT  
ND MC HENRY 5 N        47.63   98.58   460.2  14   0WEATND.DAT  
ND MC LEOD 3 E         46.40   97.23   329.2  15   0WEATND.DAT  
ND MOTT RR STATION     46.37  102.33   743.7  16   0WEATND.DAT  
ND NAPOLEON 2 SE       46.47   99.72   597.4  17   0WEATND.DAT  
ND POWERS LAKE         48.57  102.65   673.6  18   0WEATND.DAT  
ND UNDERWOOD           47.45  101.13   615.7  19   0WEATND.DAT  
ND UPHAM WILDLIFE REF  48.62  100.73   435.9  20   0WEATND.DAT  
ND WATFORD CITY 20 SE  47.58  103.12   600.5  21   0WEATND.DAT  
