OK ADA                 34.78   96.68   310.9   1   0WEATOK.DAT  
OK ALTUS               34.63   99.33   429.8   2   0WEATOK.DAT  
OK ARDMORE             34.17   97.13   268.2   3   0WEATOK.DAT  
OK BEAVER              36.82  100.52   749.8   4   0WEATOK.DAT  
OK BOISE CITY          36.73  102.50  1271.0   5   0WEATOK.DAT  
OK CHEROKEE            36.75   98.35   365.8   6   0WEATOK.DAT  
OK FORT RENO           35.57   98.03    39.6   7   0WEATOK.DAT  
OK ELK CITY            35.42   99.38   597.4   8   0WEATOK.DAT  
OK FORT SUPPLY DAM     36.55   99.58   634.0   9   0WEATOK.DAT  
OK GOODWELL            36.60  101.62  1005.8  10   0WEATOK.DAT  
OK IDABEL              33.90   94.82   152.4  11   0WEATOK.DAT  
OK LAWTON              34.60   98.40   347.5  12   0WEATOK.DAT  
OK MC ALESTER CAA AP   34.88   95.78   231.6  13   0WEATOK.DAT  
OK MUSKOGEE            35.75   95.35   189.0  14   0WEATOK.DAT  
OK MUTUAL              36.23   99.17   560.8  15   0WEATOK.DAT  
OK OKEMAH 1            35.43   96.30   243.8  16   0WEATOK.DAT  
OK OKLA CITY WB AP     35.40   97.60   390.1  17   0WEATOK.DAT  
OK PAWHUSKA            36.67   96.35   256.0  18   0WEATOK.DAT  
OK PONCA CITY CAA AP   36.73   97.10   304.8  19   0WEATOK.DAT  
OK PRYOR               36.30   95.32   192.0  20   0WEATOK.DAT  
OK SMITHVILLE          34.47   94.63   213.4  21   0WEATOK.DAT  
OK WEATHERFORD         35.53   98.70   499.9  22   0WEATOK.DAT  
OK WEBBERS FALLS       35.52   95.12   146.3  23   0WEATOK.DAT  
