 KINEROS2 LID Version Compiled 12-Jul-2013 with Intel Fortran 11.1      

 Title:  K2 Urban Simulation

 Parameter File Used....... PostDevelopment.par
 Rainfall File Used........ 100yr2hr25ts_SCST2.pre

 Length of Run, minutes.... 320
 Time Step, minutes........ 1
 Use Courant criteria?..... N
 Simulate Sed. Transport?.. N
 Multiplier file (if any).. N
 Tabular Summary?.......... N

 Multipliers Used:

 Saturated Conductivity... 1.0                 
 Manning n................ 1.0                 
 CV of Ksat............... 1.0                 
 Capillary Drive Coeff.... 1.0                 
 Intercepted Depth........ 1.0                 
 Sediment Cohesion Coeff.. 1.0                 
 Sediment Splash Coeff.... 1.0                 

 
 Urban Element     24
 
 Contributing area = 0.2208711 ha
 
                                           theta   rel.sat.
  surface initial water content =         0.0638   0.2000
  estimated wilting point water content = 0.0794   0.1493
  estimated field capacity =              0.1408   0.3827
  3-parameter soil infiltration: alpha = 0.8000
 
 Peak flow = 0.1204715 cu m /s (196.3577 mm/hr) at 65.0 min 
 
             Water balance
 --------------------------------------
   Rain:   158.8862 cu m    71.93615 mm
 Inflow:     0.0000 cu m     0.00000 mm 
 Infilt:    30.5610 cu m    13.83657 mm   
 Stored:     0.0003 cu m     0.00015 mm
    Out:   128.2232 cu m    58.05338 mm 
  Error:       0.06 %
 
 
 
 Urban Element     61
 
 Contributing area = 0.4195988 ha
 
                                           theta   rel.sat.
  surface initial water content =         0.0638   0.2000
  estimated wilting point water content = 0.0794   0.1493
  estimated field capacity =              0.1408   0.3827
  3-parameter soil infiltration: alpha = 0.8000
 
 Peak flow = 0.2281974 cu m /s (195.7848 mm/hr) at 65.0 min 
 
             Water balance
 --------------------------------------
   Rain:   142.4444 cu m    71.67818 mm
 Inflow:   128.2231 cu m    30.55851 mm*
 Infilt:    31.4265 cu m    15.81386 mm   
 Stored:     0.0055 cu m     0.00277 mm
    Out:   239.2692 cu m    57.02332 mm*
  Error:      -0.01 %                 [*: based on contributing area]
 
 
 
 Urban Element     23
 
 Contributing area = 0.6183264 ha
 
                                           theta   rel.sat.
  surface initial water content =         0.0638   0.2000
  estimated wilting point water content = 0.0794   0.1493
  estimated field capacity =              0.1408   0.3827
  3-parameter soil infiltration: alpha = 0.8000
 
 Peak flow = 0.3360234 cu m /s (195.6385 mm/hr) at 65.0 min 
 
             Water balance
 --------------------------------------
   Rain:   142.4444 cu m     71.6782 mm
 Inflow:   239.2690 cu m     38.6962 mm*
 Infilt:    30.6995 cu m     15.4480 mm   
 Stored:     0.0056 cu m      0.0028 mm
    Out:   351.0414 cu m     56.7728 mm*
  Error:      -0.01 %                 [*: based on contributing area]
 
 
 
 Urban Element     58
 
 Contributing area = 0.1845029 ha
 
                                           theta   rel.sat.
  surface initial water content =         0.0638   0.2000
  estimated wilting point water content = 0.0794   0.1493
  estimated field capacity =              0.1408   0.3827
  3-parameter soil infiltration: alpha = 0.8000
 
 Peak flow = 0.1002992 cu m /s (195.7027 mm/hr) at 60.0 min 
 
             Water balance
 --------------------------------------
   Rain:   132.2760 cu m    71.69315 mm
 Inflow:     0.0000 cu m     0.00000 mm*
 Infilt:    27.9532 cu m    15.15055 mm   
 Stored:     0.0047 cu m     0.00254 mm
    Out:   104.3622 cu m    56.56399 mm*
  Error:      -0.03 %                 [*: based on contributing area]
 
 
 
 Urban Element     22
 
 Contributing area = 0.8170227 ha
 
                                           theta   rel.sat.
  surface initial water content =         0.0638   0.2000
  estimated wilting point water content = 0.0794   0.1493
  estimated field capacity =              0.1408   0.3827
  3-parameter soil infiltration: alpha = 0.8000
 
 Peak flow = 0.4435819 cu m /s (195.4530 mm/hr) at 65.0 min 
 
             Water balance
 --------------------------------------
   Rain:   142.4220 cu m     71.6782 mm
 Inflow:   351.0413 cu m     42.9659 mm*
 Infilt:    32.0617 cu m     16.1360 mm   
 Stored:     0.0054 cu m      0.0027 mm
    Out:   461.4280 cu m     56.4768 mm*
  Error:      -0.01 %                 [*: based on contributing area]
 
 
 
 Urban Element     56
 
 Contributing area = 0.1792616 ha
 
                                           theta   rel.sat.
  surface initial water content =         0.0696   0.2000
  estimated wilting point water content = 0.0792   0.1073
  estimated field capacity =              0.1476   0.3500
  3-parameter soil infiltration: alpha = 0.8000
 
 Peak flow = 0.0944957 cu m /s (189.7699 mm/hr) at 65.0 min 
 
             Water balance
 --------------------------------------
   Rain:   128.5771 cu m    71.72599 mm
 Inflow:     0.0000 cu m     0.00000 mm*
 Infilt:    35.8037 cu m    19.97288 mm   
 Stored:     0.0015 cu m     0.00085 mm
    Out:    92.8579 cu m    51.80024 mm*
  Error:      -0.07 %                 [*: based on contributing area]
 
 
 
 Urban Element     65
 
 Contributing area = 0.1929147 ha
 
                                           theta   rel.sat.
  surface initial water content =         0.0638   0.2000
  estimated wilting point water content = 0.0794   0.1493
  estimated field capacity =              0.1408   0.3827
  3-parameter soil infiltration: alpha = 0.8000
 
 Peak flow = 0.1049153 cu m /s (195.7834 mm/hr) at 65.0 min 
 
             Water balance
 --------------------------------------
   Rain:   138.2791 cu m    71.67886 mm
 Inflow:     0.0000 cu m     0.00000 mm*
 Infilt:    28.6853 cu m    14.86940 mm   
 Stored:     0.0006 cu m     0.00031 mm
    Out:   109.5106 cu m    56.76635 mm*
  Error:       0.06 %                 [*: based on contributing area]
 
 
 
 Urban Element      5
 
 Contributing area = 0.3685860 ha
 
                                           theta   rel.sat.
  surface initial water content =         0.0638   0.2000
  estimated wilting point water content = 0.0794   0.1493
  estimated field capacity =              0.1408   0.3827
  3-parameter soil infiltration: alpha = 0.8000
 
 Peak flow = 0.2003934 cu m /s (195.7253 mm/hr) at 65.0 min 
 
             Water balance
 --------------------------------------
   Rain:   132.0189 cu m    71.71698 mm
 Inflow:   104.3623 cu m    28.31422 mm*
 Infilt:    27.0910 cu m    14.71669 mm   
 Stored:     0.0012 cu m     0.00064 mm
    Out:   209.2224 cu m    56.76353 mm*
  Error:       0.03 %                 [*: based on contributing area]
 
 
 
 Urban Element     21
 
 Contributing area = 1.015719 ha
 
                                           theta   rel.sat.
  surface initial water content =         0.0638   0.2000
  estimated wilting point water content = 0.0794   0.1493
  estimated field capacity =              0.1408   0.3827
  3-parameter soil infiltration: alpha = 0.8000
 
 Peak flow = 0.5513732 cu m /s (195.4225 mm/hr) at 65.0 min 
 
             Water balance
 --------------------------------------
   Rain:   142.4220 cu m     71.6782 mm
 Inflow:   461.4280 cu m     45.4287 mm*
 Infilt:    30.5051 cu m     15.3526 mm   
 Stored:     0.0056 cu m      0.0028 mm
    Out:   573.3724 cu m     56.4499 mm*
  Error:      -0.01 %                 [*: based on contributing area]
 
 
 
 Urban Element     55
 
 Contributing area = 0.3710795 ha
 
                                           theta   rel.sat.
  surface initial water content =         0.0696   0.2000
  estimated wilting point water content = 0.0792   0.1073
  estimated field capacity =              0.1476   0.3500
  3-parameter soil infiltration: alpha = 0.8000
 
 Peak flow = 0.1961627 cu m /s (190.3058 mm/hr) at 65.0 min 
 
             Water balance
 --------------------------------------
   Rain:   137.5256 cu m    71.69592 mm
 Inflow:    92.8579 cu m    25.02372 mm*
 Infilt:    35.4028 cu m    18.45644 mm   
 Stored:     0.0018 cu m     0.00093 mm
    Out:   195.0590 cu m    52.56527 mm*
  Error:      -0.03 %                 [*: based on contributing area]
 
 
 
 Urban Element      6
 
 Contributing area = 0.3861530 ha
 
                                           theta   rel.sat.
  surface initial water content =         0.0638   0.2000
  estimated wilting point water content = 0.0794   0.1493
  estimated field capacity =              0.1408   0.3827
  3-parameter soil infiltration: alpha = 0.8000
 
 Peak flow = 0.2101957 cu m /s (195.9598 mm/hr) at 65.0 min 
 
             Water balance
 --------------------------------------
   Rain:   138.5093 cu m    71.67799 mm
 Inflow:   109.5107 cu m    28.35940 mm*
 Infilt:    27.4794 cu m    14.22048 mm   
 Stored:     0.0007 cu m     0.00034 mm
    Out:   220.4612 cu m    57.09167 mm*
  Error:       0.03 %                 [*: based on contributing area]
 
 
 
 Urban Element     12
 
 Contributing area = 0.2408089 ha
 
                                           theta   rel.sat.
  surface initial water content =         0.0638   0.2000
  estimated wilting point water content = 0.0794   0.1493
  estimated field capacity =              0.1408   0.3827
  3-parameter soil infiltration: alpha = 0.8000
 
 Peak flow = 0.1295865 cu m /s (193.7268 mm/hr) at 65.0 min 
 
             Water balance
 --------------------------------------
   Rain:   172.4820 cu m    71.62610 mm
 Inflow:     0.0000 cu m     0.00000 mm*
 Infilt:    42.7811 cu m    17.76559 mm   
 Stored:     0.0045 cu m     0.00187 mm
    Out:   129.4968 cu m    53.77578 mm*
  Error:       0.12 %                 [*: based on contributing area]
 
 
 
 Urban Element      4
 
 Contributing area = 0.5428993 ha
 
                                           theta   rel.sat.
  surface initial water content =         0.0638   0.2000
  estimated wilting point water content = 0.0794   0.1493
  estimated field capacity =              0.1408   0.3827
  3-parameter soil infiltration: alpha = 0.8000
 
 Peak flow = 0.2949176 cu m /s (195.5618 mm/hr) at 65.0 min 
 
             Water balance
 --------------------------------------
   Rain:   124.8105 cu m     71.6012 mm
 Inflow:   209.2225 cu m     38.5380 mm*
 Infilt:    27.3917 cu m     15.7141 mm   
 Stored:     0.0048 cu m      0.0028 mm
    Out:   306.6684 cu m     56.4872 mm*
  Error:      -0.01 %                 [*: based on contributing area]
 
 
 
 Urban Element     57
 
 Contributing area = 0.2864057 ha
 
                                           theta   rel.sat.
  surface initial water content =         0.0638   0.2000
  estimated wilting point water content = 0.0794   0.1493
  estimated field capacity =              0.1408   0.3827
  3-parameter soil infiltration: alpha = 0.8000
 
 Peak flow = 0.1556935 cu m /s (195.7003 mm/hr) at 65.0 min 
 
             Water balance
 --------------------------------------
   Rain:   205.6967 cu m    71.82004 mm
 Inflow:     0.0000 cu m     0.00000 mm*
 Infilt:    42.7613 cu m    14.93031 mm   
 Stored:     0.0008 cu m     0.00027 mm
    Out:   162.8302 cu m    56.85299 mm*
  Error:       0.05 %                 [*: based on contributing area]
 
 
 
 Urban Element     20
 
 Contributing area = 1.214415 ha
 
                                           theta   rel.sat.
  surface initial water content =         0.0638   0.2000
  estimated wilting point water content = 0.0794   0.1493
  estimated field capacity =              0.1408   0.3827
  3-parameter soil infiltration: alpha = 0.8000
 
 Peak flow = 0.6592966 cu m /s (195.4412 mm/hr) at 65.0 min 
 
             Water balance
 --------------------------------------
   Rain:   142.4220 cu m     71.6782 mm
 Inflow:   573.3721 cu m     47.2138 mm*
 Infilt:    29.6709 cu m     14.9328 mm   
 Stored:     0.0060 cu m      0.0030 mm
    Out:   686.1501 cu m     56.5005 mm*
  Error:      -0.00 %                 [*: based on contributing area]
 
 
 
 Urban Element     47
 
 Contributing area = 0.5635121 ha
 
                                           theta   rel.sat.
  surface initial water content =         0.0696   0.2000
  estimated wilting point water content = 0.0792   0.1073
  estimated field capacity =              0.1476   0.3500
  3-parameter soil infiltration: alpha = 0.8000
 
 Peak flow = 0.2967499 cu m /s (189.5789 mm/hr) at 65.0 min 
 
             Water balance
 --------------------------------------
   Rain:   137.9353 cu m     71.6798 mm
 Inflow:   195.0588 cu m     34.6148 mm*
 Infilt:    42.0494 cu m     21.8515 mm   
 Stored:     0.0020 cu m      0.0010 mm
    Out:   291.0338 cu m     51.6464 mm*
  Error:      -0.03 %                 [*: based on contributing area]
 
 
 
 Urban Element     54
 
 Contributing area = 0.1865918 ha
 
                                           theta   rel.sat.
  surface initial water content =         0.0696   0.2000
  estimated wilting point water content = 0.0792   0.1073
  estimated field capacity =              0.1476   0.3500
  3-parameter soil infiltration: alpha = 0.8000
 
 Peak flow = 0.0970373 cu m /s (187.2184 mm/hr) at 65.0 min 
 
             Water balance
 --------------------------------------
   Rain:   133.7678 cu m    71.69007 mm
 Inflow:     0.0000 cu m     0.00000 mm*
 Infilt:    42.1852 cu m    22.60830 mm   
 Stored:     0.0053 cu m     0.00283 mm
    Out:    91.5516 cu m    49.06516 mm*
  Error:       0.02 %                 [*: based on contributing area]
 
 
 
 Urban Element     53
 
 Contributing area = 0.2026986 ha
 
                                           theta   rel.sat.
  surface initial water content =         0.0696   0.2000
  estimated wilting point water content = 0.0792   0.1073
  estimated field capacity =              0.1476   0.3500
  3-parameter soil infiltration: alpha = 0.8000
 
 Peak flow = 0.1064621 cu m /s (189.0805 mm/hr) at 65.0 min 
 
             Water balance
 --------------------------------------
   Rain:   145.4306 cu m    71.74724 mm
 Inflow:     0.0000 cu m     0.00000 mm*
 Infilt:    41.2340 cu m    20.34253 mm   
 Stored:     0.0054 cu m     0.00266 mm
    Out:   104.2248 cu m    51.41860 mm*
  Error:      -0.02 %                 [*: based on contributing area]
 
 
 
 Urban Element      7
 
 Contributing area = 0.5793912 ha
 
                                           theta   rel.sat.
  surface initial water content =         0.0638   0.2000
  estimated wilting point water content = 0.0794   0.1493
  estimated field capacity =              0.1408   0.3827
  3-parameter soil infiltration: alpha = 0.8000
 
 Peak flow = 0.3153383 cu m /s (195.9329 mm/hr) at 65.0 min 
 
             Water balance
 --------------------------------------
   Rain:   138.5093 cu m     71.6780 mm
 Inflow:   220.4612 cu m     38.0505 mm*
 Infilt:    28.2142 cu m     14.6007 mm   
 Stored:     0.0007 cu m      0.0003 mm
    Out:   330.6744 cu m     57.0727 mm*
  Error:       0.02 %                 [*: based on contributing area]
 
 
 
 Urban Element     11
 
 Contributing area = 0.4339862 ha
 
                                           theta   rel.sat.
  surface initial water content =         0.0638   0.2000
  estimated wilting point water content = 0.0794   0.1493
  estimated field capacity =              0.1408   0.3827
  3-parameter soil infiltration: alpha = 0.8000
 
 Peak flow = 0.2343778 cu m /s (194.4209 mm/hr) at 65.0 min 
 
             Water balance
 --------------------------------------
   Rain:   138.4657 cu m    71.67805 mm
 Inflow:   129.4967 cu m    29.83891 mm*
 Infilt:    29.6221 cu m    15.33416 mm   
 Stored:     0.0040 cu m     0.00205 mm
    Out:   238.2180 cu m    54.89069 mm*
  Error:       0.04 %                 [*: based on contributing area]
 
 
 
 Urban Element      3
 
 Contributing area = 0.7252123 ha
 
                                           theta   rel.sat.
  surface initial water content =         0.0638   0.2000
  estimated wilting point water content = 0.0794   0.1493
  estimated field capacity =              0.1408   0.3827
  3-parameter soil infiltration: alpha = 0.8000
 
 Peak flow = 0.3939157 cu m /s (195.5423 mm/hr) at 65.0 min 
 
             Water balance
 --------------------------------------
   Rain:   130.6293 cu m     71.6511 mm
 Inflow:   306.6683 cu m     42.2867 mm*
 Infilt:    27.7550 cu m     15.2238 mm   
 Stored:     0.0020 cu m      0.0011 mm
    Out:   409.5871 cu m     56.4782 mm*
  Error:      -0.01 %                 [*: based on contributing area]
 
 
 
 Urban Element      1
 
 Contributing area = 0.5216341 ha
 
                                           theta   rel.sat.
  surface initial water content =         0.0638   0.2000
  estimated wilting point water content = 0.0794   0.1493
  estimated field capacity =              0.1408   0.3827
  3-parameter soil infiltration: alpha = 0.8000
 
 Peak flow = 0.2826098 cu m /s (195.0400 mm/hr) at 65.0 min 
 
             Water balance
 --------------------------------------
   Rain:   168.4946 cu m    71.63021 mm
 Inflow:   162.8302 cu m    31.21541 mm*
 Infilt:    40.9109 cu m    17.39201 mm   
 Stored:     0.0069 cu m     0.00293 mm
    Out:   290.4501 cu m    55.68082 mm*
  Error:      -0.01 %                 [*: based on contributing area]
 
 
 
 Urban Element     19
 
 Contributing area = 1.413112 ha
 
                                           theta   rel.sat.
  surface initial water content =         0.0638   0.2000
  estimated wilting point water content = 0.0794   0.1493
  estimated field capacity =              0.1408   0.3827
  3-parameter soil infiltration: alpha = 0.8000
 
 Peak flow = 0.7671767 cu m /s (195.4436 mm/hr) at 65.0 min 
 
             Water balance
 --------------------------------------
   Rain:   142.4220 cu m     71.6782 mm
 Inflow:   686.1502 cu m     48.5560 mm*
 Infilt:    29.9312 cu m     15.0638 mm   
 Stored:     0.0061 cu m      0.0031 mm
    Out:   798.6686 cu m     56.5184 mm*
  Error:      -0.00 %                 [*: based on contributing area]
 
 
 
 Urban Element     33
 
 Contributing area = 0.1931493 ha
 
                                           theta   rel.sat.
  surface initial water content =         0.0696   0.2000
  estimated wilting point water content = 0.0792   0.1073
  estimated field capacity =              0.1476   0.3500
  3-parameter soil infiltration: alpha = 0.8000
 
 Peak flow = 0.1015962 cu m /s (189.3594 mm/hr) at 65.0 min 
 
             Water balance
 --------------------------------------
   Rain:   138.4459 cu m    71.67818 mm
 Inflow:     0.0000 cu m     0.00000 mm*
 Infilt:    39.4920 cu m    20.44634 mm   
 Stored:     0.0018 cu m     0.00095 mm
    Out:    99.0261 cu m    51.26920 mm*
  Error:      -0.05 %                 [*: based on contributing area]
 
 
 
 Urban Element     66
 
 Contributing area = 0.7567503 ha
 
                                           theta   rel.sat.
  surface initial water content =         0.0696   0.2000
  estimated wilting point water content = 0.0792   0.1073
  estimated field capacity =              0.1476   0.3500
  3-parameter soil infiltration: alpha = 0.8000
 
 Peak flow = 0.3979509 cu m /s (189.3125 mm/hr) at 65.0 min 
 
             Water balance
 --------------------------------------
   Rain:   138.5093 cu m     71.6780 mm
 Inflow:   291.0341 cu m     38.4584 mm*
 Infilt:    41.0930 cu m     21.2654 mm   
 Stored:     0.0018 cu m      0.0009 mm
    Out:   388.5391 cu m     51.3431 mm*
  Error:      -0.02 %                 [*: based on contributing area]
 
 
 
 Urban Element     48
 
 Contributing area = 0.3685632 ha
 
                                           theta   rel.sat.
  surface initial water content =         0.0696   0.2000
  estimated wilting point water content = 0.0792   0.1073
  estimated field capacity =              0.1476   0.3500
  3-parameter soil infiltration: alpha = 0.8000
 
 Peak flow = 0.1928271 cu m /s (188.3470 mm/hr) at 65.0 min 
 
             Water balance
 --------------------------------------
   Rain:   130.4631 cu m    71.69428 mm
 Inflow:    91.5516 cu m    24.84014 mm*
 Infilt:    35.5302 cu m    19.52517 mm   
 Stored:     0.0082 cu m     0.00450 mm
    Out:   186.4730 cu m    50.59457 mm*
  Error:       0.00 %                 [*: based on contributing area]
 
 
 
 Urban Element     32
 
 Contributing area = 0.3914126 ha
 
                                           theta   rel.sat.
  surface initial water content =         0.0696   0.2000
  estimated wilting point water content = 0.0792   0.1073
  estimated field capacity =              0.1476   0.3500
  3-parameter soil infiltration: alpha = 0.8000
 
 Peak flow = 0.2044520 cu m /s (188.0438 mm/hr) at 65.0 min 
 
             Water balance
 --------------------------------------
   Rain:   135.2994 cu m    71.69549 mm
 Inflow:   104.2248 cu m    26.62787 mm*
 Infilt:    43.1807 cu m    22.88155 mm   
 Stored:     0.0052 cu m     0.00274 mm
    Out:   196.3185 cu m    50.15643 mm*
  Error:       0.01 %                 [*: based on contributing area]
 
 
 
 Urban Element      8
 
 Contributing area = 0.7726294 ha
 
                                           theta   rel.sat.
  surface initial water content =         0.0638   0.2000
  estimated wilting point water content = 0.0794   0.1493
  estimated field capacity =              0.1408   0.3827
  3-parameter soil infiltration: alpha = 0.8000
 
 Peak flow = 0.4200425 cu m /s (195.7151 mm/hr) at 65.0 min 
 
             Water balance
 --------------------------------------
   Rain:   138.5093 cu m     71.6780 mm
 Inflow:   330.6745 cu m     42.7986 mm*
 Infilt:    30.7809 cu m     15.9290 mm   
 Stored:     0.0006 cu m      0.0003 mm
    Out:   438.3176 cu m     56.7306 mm*
  Error:       0.02 %                 [*: based on contributing area]
 
 
 
 Urban Element     10
 
 Contributing area = 0.6271635 ha
 
                                           theta   rel.sat.
  surface initial water content =         0.0638   0.2000
  estimated wilting point water content = 0.0794   0.1493
  estimated field capacity =              0.1408   0.3827
  3-parameter soil infiltration: alpha = 0.8000
 
 Peak flow = 0.3385865 cu m /s (194.3531 mm/hr) at 65.0 min 
 
             Water balance
 --------------------------------------
   Rain:   138.4657 cu m     71.6780 mm
 Inflow:   238.2179 cu m     37.9834 mm*
 Infilt:    32.8098 cu m     16.9843 mm   
 Stored:     0.0028 cu m      0.0015 mm
    Out:   343.7296 cu m     54.8070 mm*
  Error:       0.04 %                 [*: based on contributing area]
 
 
 
 Urban Element     59
 
 Contributing area = 0.2423734 ha
 
                                           theta   rel.sat.
  surface initial water content =         0.0638   0.2000
  estimated wilting point water content = 0.0794   0.1493
  estimated field capacity =              0.1408   0.3827
  3-parameter soil infiltration: alpha = 0.8000
 
 Peak flow = 0.1321863 cu m /s (196.3379 mm/hr) at 65.0 min 
 
             Water balance
 --------------------------------------
   Rain:   174.2554 cu m    71.89544 mm
 Inflow:     0.0000 cu m     0.00000 mm*
 Infilt:    33.4246 cu m    13.79053 mm   
 Stored:     0.0019 cu m     0.00078 mm
    Out:   140.8599 cu m    58.11690 mm*
  Error:      -0.02 %                 [*: based on contributing area]
 
 
 
 Urban Element      2
 
 Contributing area = 1.501951 ha
 
                                           theta   rel.sat.
  surface initial water content =         0.0638   0.2000
  estimated wilting point water content = 0.0794   0.1493
  estimated field capacity =              0.1408   0.3827
  3-parameter soil infiltration: alpha = 0.8000
 
 Peak flow = 0.8152794 cu m /s (195.4129 mm/hr) at 65.0 min 
 
             Water balance
 --------------------------------------
   Rain:   183.6173 cu m     71.9772 mm
 Inflow:   700.0364 cu m     46.6085 mm*
 Infilt:    35.8137 cu m     14.0388 mm   
 Stored:     0.0018 cu m      0.0007 mm
    Out:   847.7438 cu m     56.4428 mm*
  Error:       0.01 %                 [*: based on contributing area]
 
 
 
 Urban Element     60
 
 Contributing area = 1.611808 ha
 
                                           theta   rel.sat.
  surface initial water content =         0.0638   0.2000
  estimated wilting point water content = 0.0794   0.1493
  estimated field capacity =              0.1408   0.3827
  3-parameter soil infiltration: alpha = 0.8000
 
 Peak flow = 0.8744298 cu m /s (195.3054 mm/hr) at 65.0 min 
 
             Water balance
 --------------------------------------
   Rain:   142.4220 cu m     71.6782 mm
 Inflow:   798.6689 cu m     49.5511 mm*
 Infilt:    33.6787 cu m     16.9498 mm   
 Stored:     0.0058 cu m      0.0029 mm
    Out:   907.4424 cu m     56.2997 mm*
  Error:      -0.00 %                 [*: based on contributing area]
 
 
 
 Urban Element     34
 
 Contributing area = 0.3863291 ha
 
                                           theta   rel.sat.
  surface initial water content =         0.0696   0.2000
  estimated wilting point water content = 0.0792   0.1073
  estimated field capacity =              0.1476   0.3500
  3-parameter soil infiltration: alpha = 0.8000
 
 Peak flow = 0.2015996 cu m /s (187.8602 mm/hr) at 65.0 min 
 
             Water balance
 --------------------------------------
   Rain:   138.4677 cu m    71.67814 mm
 Inflow:    99.0261 cu m    25.63258 mm*
 Infilt:    46.7737 cu m    24.21254 mm   
 Stored:     0.0013 cu m     0.00068 mm
    Out:   190.8122 cu m    49.39111 mm*
  Error:      -0.04 %                 [*: based on contributing area]
 
 
 
 Urban Element     46
 
 Contributing area = 0.9499886 ha
 
                                           theta   rel.sat.
  surface initial water content =         0.0696   0.2000
  estimated wilting point water content = 0.0792   0.1073
  estimated field capacity =              0.1476   0.3500
  3-parameter soil infiltration: alpha = 0.8000
 
 Peak flow = 0.4989891 cu m /s (189.0929 mm/hr) at 65.0 min 
 
             Water balance
 --------------------------------------
   Rain:   138.5093 cu m     71.6780 mm
 Inflow:   388.5389 cu m     40.8993 mm*
 Infilt:    41.6636 cu m     21.5608 mm   
 Stored:     0.0023 cu m      0.0012 mm
    Out:   485.4752 cu m     51.1033 mm*
  Error:      -0.02 %                 [*: based on contributing area]
 
 
 
 Urban Element     49
 
 Contributing area = 0.5589077 ha
 
                                           theta   rel.sat.
  surface initial water content =         0.0696   0.2000
  estimated wilting point water content = 0.0792   0.1073
  estimated field capacity =              0.1476   0.3500
  3-parameter soil infiltration: alpha = 0.8000
 
 Peak flow = 0.2917437 cu m /s (187.9160 mm/hr) at 65.0 min 
 
             Water balance
 --------------------------------------
   Rain:   136.4429 cu m    71.68204 mm
 Inflow:   186.4729 cu m    33.36380 mm*
 Infilt:    42.5141 cu m    22.33532 mm   
 Stored:     0.0066 cu m     0.00348 mm
    Out:   280.3404 cu m    50.15862 mm*
  Error:       0.02 %                 [*: based on contributing area]
 
 
 
 Urban Element     31
 
 Contributing area = 0.5825813 ha
 
                                           theta   rel.sat.
  surface initial water content =         0.0696   0.2000
  estimated wilting point water content = 0.0792   0.1073
  estimated field capacity =              0.1476   0.3500
  3-parameter soil infiltration: alpha = 0.8000
 
 Peak flow = 0.3037339 cu m /s (187.6891 mm/hr) at 65.0 min 
 
             Water balance
 --------------------------------------
   Rain:   137.0316 cu m     71.6810 mm
 Inflow:   196.3185 cu m     33.6980 mm*
 Infilt:    43.3042 cu m     22.6523 mm   
 Stored:     0.0062 cu m      0.0033 mm
    Out:   289.9709 cu m     49.7735 mm*
  Error:       0.02 %                 [*: based on contributing area]
 
 
 
 Urban Element     43
 
 Contributing area = 0.9658677 ha
 
                                           theta   rel.sat.
  surface initial water content =         0.0638   0.2000
  estimated wilting point water content = 0.0794   0.1493
  estimated field capacity =              0.1408   0.3827
  3-parameter soil infiltration: alpha = 0.8000
 
 Peak flow = 0.5244470 cu m /s (195.4729 mm/hr) at 65.0 min 
 
             Water balance
 --------------------------------------
   Rain:   138.5093 cu m     71.6780 mm
 Inflow:   438.3176 cu m     45.3807 mm*
 Infilt:    32.4572 cu m     16.7965 mm   
 Stored:     0.0005 cu m      0.0003 mm
    Out:   544.2811 cu m     56.3515 mm*
  Error:       0.02 %                 [*: based on contributing area]
 
 
 
 Urban Element      9
 
 Contributing area = 0.8203408 ha
 
                                           theta   rel.sat.
  surface initial water content =         0.0638   0.2000
  estimated wilting point water content = 0.0794   0.1493
  estimated field capacity =              0.1408   0.3827
  3-parameter soil infiltration: alpha = 0.8000
 
 Peak flow = 0.4435588 cu m /s (194.6522 mm/hr) at 65.0 min 
 
             Water balance
 --------------------------------------
   Rain:   138.4657 cu m     71.6780 mm
 Inflow:   343.7299 cu m     41.9009 mm*
 Infilt:    27.8619 cu m     14.4230 mm   
 Stored:     0.0049 cu m      0.0026 mm
    Out:   454.2169 cu m     55.3693 mm*
  Error:       0.02 %                 [*: based on contributing area]
 
 
 
 Urban Element     13
 
 Contributing area = 2.002138 ha
 
                                           theta   rel.sat.
  surface initial water content =         0.0638   0.2000
  estimated wilting point water content = 0.0794   0.1493
  estimated field capacity =              0.1408   0.3827
  3-parameter soil infiltration: alpha = 0.8000
 
 Peak flow = 1.088023 cu m /s (195.6350 mm/hr) at 65.0 min 
 
             Water balance
 --------------------------------------
   Rain:   185.5779 cu m     71.9814 mm
 Inflow:   988.6061 cu m     49.3775 mm*
 Infilt:    33.8404 cu m     13.1259 mm   
 Stored:     0.0077 cu m      0.0030 mm
    Out:  1140.3719 cu m     56.9577 mm*
  Error:      -0.00 %                 [*: based on contributing area]
 
 
 
 Urban Element     18
 
 Contributing area = 1.832554 ha
 
                                           theta   rel.sat.
  surface initial water content =         0.0638   0.2000
  estimated wilting point water content = 0.0794   0.1493
  estimated field capacity =              0.1408   0.3827
  3-parameter soil infiltration: alpha = 0.8000
 
 Peak flow = 0.9950806 cu m /s (195.4808 mm/hr) at 65.0 min 
 
             Water balance
 --------------------------------------
   Rain:   158.7955 cu m     71.9360 mm
 Inflow:   907.4423 cu m     49.5179 mm*
 Infilt:    26.8230 cu m     12.1511 mm   
 Stored:     0.0024 cu m      0.0011 mm
    Out:  1039.3245 cu m     56.7146 mm*
  Error:       0.01 %                 [*: based on contributing area]
 
 
 
 Urban Element     35
 
 Contributing area = 0.5795090 ha
 
                                           theta   rel.sat.
  surface initial water content =         0.0696   0.2000
  estimated wilting point water content = 0.0792   0.1073
  estimated field capacity =              0.1476   0.3500
  3-parameter soil infiltration: alpha = 0.8000
 
 Peak flow = 0.3023398 cu m /s (187.8182 mm/hr) at 65.0 min 
 
             Water balance
 --------------------------------------
   Rain:   138.4677 cu m    71.67814 mm
 Inflow:   190.8122 cu m    32.92653 mm*
 Infilt:    43.0623 cu m    22.29131 mm   
 Stored:     0.0018 cu m     0.00094 mm
    Out:   286.2957 cu m    49.40314 mm*
  Error:      -0.02 %                 [*: based on contributing area]
 
 
 
 Urban Element     45
 
 Contributing area = 1.143227 ha
 
                                           theta   rel.sat.
  surface initial water content =         0.0676   0.2000
  estimated wilting point water content = 0.0788   0.1196
  estimated field capacity =              0.1450   0.3601
  3-parameter soil infiltration: alpha = 0.8000
 
 Peak flow = 0.6012659 cu m /s (189.3375 mm/hr) at 65.0 min 
 
             Water balance
 --------------------------------------
   Rain:   138.5093 cu m     71.6780 mm
 Inflow:   485.4750 cu m     42.4653 mm*
 Infilt:    38.5672 cu m     19.9584 mm   
 Stored:     0.0013 cu m      0.0007 mm
    Out:   585.4252 cu m     51.2081 mm*
  Error:      -0.00 %                 [*: based on contributing area]
 
 
 
 Urban Element     50
 
 Contributing area = 0.7520241 ha
 
                                           theta   rel.sat.
  surface initial water content =         0.0696   0.2000
  estimated wilting point water content = 0.0792   0.1073
  estimated field capacity =              0.1476   0.3500
  3-parameter soil infiltration: alpha = 0.8000
 
 Peak flow = 0.3918104 cu m /s (187.5628 mm/hr) at 65.0 min 
 
             Water balance
 --------------------------------------
   Rain:   138.4222 cu m     71.6781 mm
 Inflow:   280.3404 cu m     37.2781 mm*
 Infilt:    43.3706 cu m     22.4583 mm   
 Stored:     0.0070 cu m      0.0036 mm
    Out:   375.3145 cu m     49.9072 mm*
  Error:       0.02 %                 [*: based on contributing area]
 
 
 
 Urban Element     30
 
 Contributing area = 0.7879796 ha
 
                                           theta   rel.sat.
  surface initial water content =         0.0696   0.2000
  estimated wilting point water content = 0.0792   0.1073
  estimated field capacity =              0.1476   0.3500
  3-parameter soil infiltration: alpha = 0.8000
 
 Peak flow = 0.4101122 cu m /s (187.3658 mm/hr) at 65.0 min 
 
             Water balance
 --------------------------------------
   Rain:   147.1929 cu m     71.6622 mm
 Inflow:   289.9708 cu m     36.7993 mm*
 Infilt:    47.0089 cu m     22.8867 mm   
 Stored:     0.0074 cu m      0.0036 mm
    Out:   390.0181 cu m     49.4960 mm*
  Error:       0.03 %                 [*: based on contributing area]
 
 
 
 Urban Element     44
 
 Contributing area = 1.159106 ha
 
                                           theta   rel.sat.
  surface initial water content =         0.0638   0.2000
  estimated wilting point water content = 0.0794   0.1493
  estimated field capacity =              0.1408   0.3827
  3-parameter soil infiltration: alpha = 0.8000
 
 Peak flow = 0.6287864 cu m /s (195.2911 mm/hr) at 65.0 min 
 
             Water balance
 --------------------------------------
   Rain:   138.5093 cu m     71.6780 mm
 Inflow:   544.2812 cu m     46.9570 mm*
 Infilt:    32.7344 cu m     16.9399 mm   
 Stored:     0.0006 cu m      0.0003 mm
    Out:   649.9676 cu m     56.0749 mm*
  Error:       0.01 %                 [*: based on contributing area]
 
 
 
 Urban Element     62
 
 Contributing area = 1.013518 ha
 
                                           theta   rel.sat.
  surface initial water content =         0.0638   0.2000
  estimated wilting point water content = 0.0794   0.1493
  estimated field capacity =              0.1408   0.3827
  3-parameter soil infiltration: alpha = 0.8000
 
 Peak flow = 0.5482165 cu m /s (194.7256 mm/hr) at 65.0 min 
 
             Water balance
 --------------------------------------
   Rain:   138.4657 cu m     71.6780 mm
 Inflow:   454.2172 cu m     44.8159 mm*
 Infilt:    29.1334 cu m     15.0812 mm   
 Stored:     0.0045 cu m      0.0023 mm
    Out:   563.4307 cu m     55.5916 mm*
  Error:       0.02 %                 [*: based on contributing area]
 
 
 
 Urban Element     14
 
 Contributing area = 2.249703 ha
 
                                           theta   rel.sat.
  surface initial water content =         0.0638   0.2000
  estimated wilting point water content = 0.0794   0.1493
  estimated field capacity =              0.1408   0.3827
  3-parameter soil infiltration: alpha = 0.8000
 
 Peak flow = 1.222586 cu m /s (195.6396 mm/hr) at 65.0 min 
 
             Water balance
 --------------------------------------
   Rain:    177.830 cu m     71.8316 mm
 Inflow:   1140.372 cu m     50.6899 mm*
 Infilt:     35.174 cu m     14.2079 mm   
 Stored:      0.003 cu m      0.0010 mm
    Out:   1282.938 cu m     57.0270 mm*
  Error:       0.01 %                 [*: based on contributing area]
 
 
 
 Urban Element     17
 
 Contributing area = 2.042763 ha
 
                                           theta   rel.sat.
  surface initial water content =         0.0798   0.2000
  estimated wilting point water content = 0.1089   0.1446
  estimated field capacity =              0.1971   0.4238
  3-parameter soil infiltration: alpha = 0.8000
 
 Peak flow = 1.102596 cu m /s (194.3125 mm/hr) at 65.0 min 
 
             Water balance
 --------------------------------------
   Rain:    151.241 cu m     71.9476 mm
 Inflow:   1039.324 cu m     50.8784 mm*
 Infilt:     43.933 cu m     20.8998 mm   
 Stored:      0.002 cu m      0.0011 mm
    Out:   1146.637 cu m     56.1316 mm*
  Error:      -0.00 %                 [*: based on contributing area]
 
 
 
 Urban Element     36
 
 Contributing area = 0.7727192 ha
 
                                           theta   rel.sat.
  surface initial water content =         0.0696   0.2000
  estimated wilting point water content = 0.0792   0.1073
  estimated field capacity =              0.1476   0.3500
  3-parameter soil infiltration: alpha = 0.8000
 
 Peak flow = 0.4045700 cu m /s (188.4840 mm/hr) at 65.0 min 
 
             Water balance
 --------------------------------------
   Rain:   138.4894 cu m     71.6781 mm
 Inflow:   286.2956 cu m     37.0504 mm*
 Infilt:    35.8533 cu m     18.5566 mm   
 Stored:     0.0025 cu m      0.0013 mm
    Out:   388.9990 cu m     50.3416 mm*
  Error:      -0.02 %                 [*: based on contributing area]
 
 
 
 Urban Element     51
 
 Contributing area = 2.156065 ha
 
                                           theta   rel.sat.
  surface initial water content =         0.0696   0.2000
  estimated wilting point water content = 0.0792   0.1073
  estimated field capacity =              0.1476   0.3500
  3-parameter soil infiltration: alpha = 0.8000
 
 Peak flow = 1.127404 cu m /s (188.2435 mm/hr) at 65.0 min 
 
             Water balance
 --------------------------------------
   Rain:   187.6871 cu m     71.9620 mm
 Inflow:   960.7401 cu m     44.5599 mm*
 Infilt:    51.1721 cu m     19.6201 mm   
 Stored:     0.0067 cu m      0.0026 mm
    Out:  1097.3267 cu m     50.8949 mm*
  Error:      -0.01 %                 [*: based on contributing area]
 
 
 
 Urban Element     63
 
 Contributing area = 1.012582 ha
 
                                           theta   rel.sat.
  surface initial water content =         0.0696   0.2000
  estimated wilting point water content = 0.0792   0.1073
  estimated field capacity =              0.1476   0.3500
  3-parameter soil infiltration: alpha = 0.8000
 
 Peak flow = 0.5256581 cu m /s (186.8856 mm/hr) at 65.0 min 
 
             Water balance
 --------------------------------------
   Rain:   160.9068 cu m     71.6409 mm
 Inflow:   390.0182 cu m     38.5172 mm*
 Infilt:    53.3492 cu m     23.7528 mm   
 Stored:     0.0093 cu m      0.0041 mm
    Out:   497.4868 cu m     49.1305 mm*
  Error:       0.01 %                 [*: based on contributing area]
 
 
 
 Urban Element     52
 
 Contributing area = 2.421782 ha
 
                                           theta   rel.sat.
  surface initial water content =         0.0640   0.2000
  estimated wilting point water content = 0.0796   0.1488
  estimated field capacity =              0.1414   0.3831
  3-parameter soil infiltration: alpha = 0.8000
 
 Peak flow = 1.311287 cu m /s (194.9239 mm/hr) at 65.0 min 
 
             Water balance
 --------------------------------------
   Rain:    179.414 cu m     72.0082 mm
 Inflow:   1213.400 cu m     50.1036 mm*
 Infilt:     33.591 cu m     13.4817 mm   
 Stored:      0.004 cu m      0.0015 mm
    Out:   1359.158 cu m     56.1222 mm*
  Error:       0.00 %                 [*: based on contributing area]
 
 
 
 Urban Element     15
 
 Contributing area = 2.468081 ha
 
                                           theta   rel.sat.
  surface initial water content =         0.0638   0.2000
  estimated wilting point water content = 0.0794   0.1493
  estimated field capacity =              0.1408   0.3827
  3-parameter soil infiltration: alpha = 0.8000
 
 Peak flow = 1.340261 cu m /s (195.4935 mm/hr) at 65.0 min 
 
             Water balance
 --------------------------------------
   Rain:    156.462 cu m     71.6472 mm
 Inflow:   1282.939 cu m     51.9812 mm*
 Infilt:     36.372 cu m     16.6557 mm   
 Stored:      0.004 cu m      0.0017 mm
    Out:   1403.076 cu m     56.8489 mm*
  Error:      -0.00 %                 [*: based on contributing area]
 
 
 
 Urban Element     42
 
 Contributing area = 2.235882 ha
 
                                           theta   rel.sat.
  surface initial water content =         0.0814   0.2000
  estimated wilting point water content = 0.1122   0.1441
  estimated field capacity =              0.2030   0.4272
  3-parameter soil infiltration: alpha = 0.8000
 
 Peak flow = 1.199145 cu m /s (193.0747 mm/hr) at 65.0 min 
 
             Water balance
 --------------------------------------
   Rain:    138.424 cu m     71.6782 mm
 Inflow:   1146.637 cu m     51.2834 mm*
 Infilt:     46.737 cu m     24.2014 mm   
 Stored:      0.007 cu m      0.0037 mm
    Out:   1238.423 cu m     55.3886 mm*
  Error:      -0.01 %                 [*: based on contributing area]
 
 
 
 Urban Element     37
 
 Contributing area = 0.9868503 ha
 
                                           theta   rel.sat.
  surface initial water content =         0.0696   0.2000
  estimated wilting point water content = 0.0792   0.1073
  estimated field capacity =              0.1476   0.3500
  3-parameter soil infiltration: alpha = 0.8000
 
 Peak flow = 0.5186923 cu m /s (189.2174 mm/hr) at 65.0 min 
 
             Water balance
 --------------------------------------
   Rain:   153.6150 cu m     71.7388 mm
 Inflow:   388.9993 cu m     39.4183 mm*
 Infilt:    35.4007 cu m     16.5323 mm   
 Stored:     0.0026 cu m      0.0012 mm
    Out:   507.2899 cu m     51.4050 mm*
  Error:      -0.01 %                 [*: based on contributing area]
 
 
 
 Urban Element     29
 
 Contributing area = 3.506813 ha
 
                                           theta   rel.sat.
  surface initial water content =         0.0730   0.2000
  estimated wilting point water content = 0.0880   0.1174
  estimated field capacity =              0.1629   0.3730
  3-parameter soil infiltration: alpha = 0.8000
 
 Peak flow = 1.810990 cu m /s (185.9114 mm/hr) at 65.0 min 
 
             Water balance
 --------------------------------------
   Rain:    243.554 cu m     72.0220 mm
 Inflow:   1594.812 cu m     45.4775 mm*
 Infilt:     68.200 cu m     20.1677 mm   
 Stored:      0.011 cu m      0.0032 mm
    Out:   1770.157 cu m     50.4776 mm*
  Error:      -0.00 %                 [*: based on contributing area]
 
 
 
 Urban Element     25
 
 Contributing area = 2.665890 ha
 
                                           theta   rel.sat.
  surface initial water content =         0.0722   0.2000
  estimated wilting point water content = 0.0952   0.1494
  estimated field capacity =              0.1712   0.4104
  3-parameter soil infiltration: alpha = 0.8000
 
 Peak flow = 1.437019 cu m /s (194.0541 mm/hr) at 65.0 min 
 
             Water balance
 --------------------------------------
   Rain:    174.879 cu m     71.6402 mm
 Inflow:   1359.159 cu m     50.9833 mm*
 Infilt:     57.743 cu m     23.6548 mm   
 Stored:      0.002 cu m      0.0009 mm
    Out:   1476.292 cu m     55.3771 mm*
  Error:       0.00 %                 [*: based on contributing area]
 
 
 
 Urban Element     16
 
 Contributing area = 2.714888 ha
 
                                           theta   rel.sat.
  surface initial water content =         0.0660   0.2000
  estimated wilting point water content = 0.0837   0.1500
  estimated field capacity =              0.1491   0.3921
  3-parameter soil infiltration: alpha = 0.8000
 
 Peak flow = 1.471240 cu m /s (195.0895 mm/hr) at 65.0 min 
 
             Water balance
 --------------------------------------
   Rain:    176.763 cu m     71.6199 mm
 Inflow:   1403.076 cu m     51.6808 mm*
 Infilt:     48.425 cu m     19.6207 mm   
 Stored:      0.009 cu m      0.0036 mm
    Out:   1531.462 cu m     56.4098 mm*
  Error:      -0.00 %                 [*: based on contributing area]
 
 
 
 Urban Element     41
 
 Contributing area = 2.428849 ha
 
                                           theta   rel.sat.
  surface initial water content =         0.0814   0.2000
  estimated wilting point water content = 0.1122   0.1441
  estimated field capacity =              0.2030   0.4272
  3-parameter soil infiltration: alpha = 0.8000
 
 Peak flow = 1.293701 cu m /s (191.7503 mm/hr) at 65.0 min 
 
             Water balance
 --------------------------------------
   Rain:    138.315 cu m     71.6784 mm
 Inflow:   1238.424 cu m     50.9881 mm*
 Infilt:     51.062 cu m     26.4617 mm   
 Stored:      0.008 cu m      0.0041 mm
    Out:   1325.789 cu m     54.5851 mm*
  Error:      -0.01 %                 [*: based on contributing area]
 
 
 
 Urban Element     38
 
 Contributing area = 4.716483 ha
 
                                           theta   rel.sat.
  surface initial water content =         0.0766   0.2000
  estimated wilting point water content = 0.0981   0.1290
  estimated field capacity =              0.1800   0.3974
  3-parameter soil infiltration: alpha = 0.8000
 
 Peak flow = 2.431882 cu m /s (185.6209 mm/hr) at 65.0 min 
 
             Water balance
 --------------------------------------
   Rain:    159.804 cu m      71.719 mm
 Inflow:   2277.446 cu m      48.287 mm*
 Infilt:     51.235 cu m      22.994 mm   
 Stored:      0.005 cu m       0.002 mm
    Out:   2386.004 cu m      50.589 mm*
  Error:       0.00 %                 [*: based on contributing area]
 
 
 
 Urban Element     27
 
 Contributing area = 2.863351 ha
 
                                           theta   rel.sat.
  surface initial water content =         0.0814   0.2000
  estimated wilting point water content = 0.1122   0.1441
  estimated field capacity =              0.2030   0.4272
  3-parameter soil infiltration: alpha = 0.8000
 
 Peak flow = 1.534102 cu m /s (192.8778 mm/hr) at 65.0 min 
 
             Water balance
 --------------------------------------
   Rain:    141.565 cu m     71.6923 mm
 Inflow:   1476.293 cu m     51.5582 mm*
 Infilt:     52.038 cu m     26.3533 mm   
 Stored:      0.003 cu m      0.0013 mm
    Out:   1565.917 cu m     54.6883 mm*
  Error:      -0.01 %                 [*: based on contributing area]
 
 
 
 Urban Element     26
 
 Contributing area = 2.931419 ha
 
                                           theta   rel.sat.
  surface initial water content =         0.0808   0.2000
  estimated wilting point water content = 0.1111   0.1443
  estimated field capacity =              0.2009   0.4263
  3-parameter soil infiltration: alpha = 0.8000
 
 Peak flow = 1.578613 cu m /s (193.8655 mm/hr) at 65.0 min 
 
             Water balance
 --------------------------------------
   Rain:    155.434 cu m     71.7838 mm
 Inflow:   1531.462 cu m     52.2430 mm*
 Infilt:     51.850 cu m     23.9458 mm   
 Stored:      0.009 cu m      0.0042 mm
    Out:   1635.157 cu m     55.7804 mm*
  Error:      -0.01 %                 [*: based on contributing area]
 
 
 
 Urban Element     40
 
 Contributing area = 2.616358 ha
 
                                           theta   rel.sat.
  surface initial water content =         0.0814   0.2000
  estimated wilting point water content = 0.1122   0.1441
  estimated field capacity =              0.2030   0.4272
  3-parameter soil infiltration: alpha = 0.8000
 
 Peak flow = 1.385087 cu m /s (190.5822 mm/hr) at 65.0 min 
 
             Water balance
 --------------------------------------
   Rain:    134.445 cu m     71.7003 mm
 Inflow:   1325.790 cu m     50.6731 mm*
 Infilt:     46.558 cu m     24.8300 mm   
 Stored:      0.007 cu m      0.0040 mm
    Out:   1413.780 cu m     54.0362 mm*
  Error:      -0.01 %                 [*: based on contributing area]
 
 
 
 Urban Element     64
 
 Contributing area = 4.916009 ha
 
                                           theta   rel.sat.
  surface initial water content =         0.0814   0.2000
  estimated wilting point water content = 0.1122   0.1441
  estimated field capacity =              0.2030   0.4272
  3-parameter soil infiltration: alpha = 0.8000
 
 Peak flow = 2.519496 cu m /s (184.5030 mm/hr) at 65.0 min 
 
             Water balance
 --------------------------------------
   Rain:    143.051 cu m      71.695 mm
 Inflow:   2386.005 cu m      48.535 mm*
 Infilt:     48.707 cu m      24.411 mm   
 Stored:      0.006 cu m       0.003 mm
    Out:   2480.422 cu m      50.456 mm*
  Error:      -0.00 %                 [*: based on contributing area]
 
 
 
 Urban Element     28
 
 Contributing area = 6.178064 ha
 
                                           theta   rel.sat.
  surface initial water content =         0.0814   0.2000
  estimated wilting point water content = 0.1122   0.1441
  estimated field capacity =              0.2030   0.4272
  3-parameter soil infiltration: alpha = 0.8000
 
 Peak flow = 3.277483 cu m /s (190.9812 mm/hr) at 65.0 min 
 
             Water balance
 --------------------------------------
   Rain:    275.600 cu m     71.9028 mm
 Inflow:   3201.073 cu m     51.8135 mm*
 Infilt:     92.000 cu m     24.0024 mm   
 Stored:      0.011 cu m      0.0027 mm
    Out:   3384.699 cu m     54.7858 mm*
  Error:      -0.00 %                 [*: based on contributing area]
 
 
 
 Urban Element     39
 
 Contributing area = 2.921986 ha
 
                                           theta   rel.sat.
  surface initial water content =         0.0814   0.2000
  estimated wilting point water content = 0.1122   0.1441
  estimated field capacity =              0.2030   0.4272
  3-parameter soil infiltration: alpha = 0.8000
 
 Peak flow = 1.532210 cu m /s (188.7742 mm/hr) at 65.0 min 
 
             Water balance
 --------------------------------------
   Rain:    218.505 cu m     71.4938 mm
 Inflow:   1413.781 cu m     48.3843 mm*
 Infilt:     93.432 cu m     30.5705 mm   
 Stored:      0.007 cu m      0.0023 mm
    Out:   1538.928 cu m     52.6672 mm*
  Error:      -0.00 %                 [*: based on contributing area]
 
 
 
 Adder Element   67  
 
 Contributing area = 14.01606 ha
 
 
 Peak flow = 7.329189 cu m /s (188.2489 mm/hr) at 65.0 min 
 
             Water balance
 --------------------------------------
   Rain:      0.000 cu m        **** mm
 Inflow:   7404.048 cu m  52.8254585 mm*
 Infilt:      0.000 cu m   0.0000000 mm   
 Stored:      0.000 cu m   0.0000000 mm
    Out:   7404.048 cu m  52.8254585 mm*
  Error:       0.00 %                 [*: based on contributing area]
 
 
 
  67 elements Processed

 Event Volume Summary:
 
             Rainfall    73.40999 mm       10289.19 cu m 
   Plane infiltration    18.90637           2649.93
         Interception     1.67651            234.98
              Storage     0.00203              0.28
              Outflow    52.82546           7404.05
 
 Error (Volume in - Volume out - Storage) < 1 percent
 
 Time step distribution (100,75,50%) = 0.00472, 0.00746, 0.03448 min
 
 Total watershed area = 14.01606 ha
 
