NM ALAMOGORDO          32.90  105.97  1316.7   1   0WEATNM.DAT  
NM ANIMAS              31.95  108.82  1344.2   2   0WEATNM.DAT  
NM AUGUSTINE           34.00  107.83  2100.1   3   0WEATNM.DAT  
NM BEAVERHEAD RS       33.45  108.12  2048.3   4   0WEATNM.DAT  
NM BELL RANCH          35.53  104.10  1371.6   5   0WEATNM.DAT  
NM BITTER LAKES WL REF 33.48  104.40  1118.6   6   0WEATNM.DAT  
NM BOSQUE DEL APACHE   33.77  106.90  1377.7   7   0WEATNM.DAT  
NM CARLSBAD CAA AP     32.33  104.27   984.5   8   0WEATNM.DAT  
NM CARRIZOZO           33.65  105.88  1658.1   9   0WEATNM.DAT  
NM CLAYTON WB AP       36.45  103.15  1524.0  10   0WEATNM.DAT  
NM CROSSROADS 1 NNE    33.52  103.33  1255.8  11   0WEATNM.DAT  
NM EL VADO DAM         36.60  106.73  2072.6  12   0WEATNM.DAT  
NM ELEPHANT BUTTE DAM  33.15  107.18  1396.0  13   0WEATNM.DAT  
NM FLORIDA             32.43  107.48  1356.4  14   0WEATNM.DAT  
NM FORT SUMNER         34.47  104.25  1228.3  15   0WEATNM.DAT  
NM FRUITLAND           36.73  108.40  1575.8  16   0WEATNM.DAT  
NM HICKMAN             34.50  108.00  2444.5  17   0WEATNM.DAT  
NM HOPE                32.82  104.73   125.0  18   0WEATNM.DAT  
NM JEMEZ SPRINGS       35.78  106.68  1859.3  19   0WEATNM.DAT  
NM JORNADA EXP RANGE   32.62  106.73  1301.5  20   0WEATNM.DAT  
NM LAS VEGAS CAA AP    35.65  105.15  2090.9  21   0WEATNM.DAT  
NM LORDSBURG           32.35  108.70  1295.4  22   0WEATNM.DAT  
NM LYBROOK             36.23  107.57  2194.6  23   0WEATNM.DAT  
NM MC GAFFEY           35.38  108.55  2377.4  24   0WEATNM.DAT  
NM MELROSE             34.43  103.63  1402.1  25   0WEATNM.DAT  
NM MOUNTAINAIR         34.52  106.25  1981.2  26   0WEATNM.DAT  
NM PEARL               32.65  103.38  1158.2  27   0WEATNM.DAT  
NM PEDERNAL            34.63  105.63  1956.8  28   0WEATNM.DAT  
NM QUEMADO             34.35  108.50  2097.0  29   0WEATNM.DAT  
NM SANDIA PARK         35.17  106.37  2136.6  30   0WEATNM.DAT  
NM SPRINGER            36.38  104.60  1786.1  31   0WEATNM.DAT  
NM TAOS                36.42  105.57  2127.5  32   0WEATNM.DAT  
NM TORREAON NAVAJO MIS 35.80  107.18  2042.2  33   0WEATNM.DAT  
NM TUCUMCARI 3 NE      35.20  103.68  1249.7  34   0WEATNM.DAT  
