TX ABILENE WB AP       32.43   99.68   533.4   1   0WEATTX.DAT  
TX ANAHUAC 6 E         29.78   94.58     6.1   2   0WEATTX.DAT  
TX BALMORHEA EXP PAN   31.00  103.68   981.5   3   0WEATTX.DAT  
TX BEEVILLE            28.45   97.70    67.1   4   0WEATTX.DAT  
TX BENAVIDES 2         27.60   98.42   115.8   5   0WEATTX.DAT  
TX BIG SPRING WB AP    32.23  101.50   774.2   6   0WEATTX.DAT  
TX BLANCO              30.10   98.42   411.5   7   0WEATTX.DAT  
TX BORGER 3 W          35.65  101.45   957.1   8   0WEATTX.DAT  
TX BROWNSVILLE WB AP   25.92   97.47     6.1   9   0WEATTX.DAT  
TX CAMERON             30.85   96.98   118.9  10   0WEATTX.DAT  
TX CARRIZO SPRINGS     28.53   99.87   198.1  11   0WEATTX.DAT  
TX CHILDRESS           34.43  100.28   594.4  12   0WEATTX.DAT  
TX COLEMAN             31.83   99.43   521.2  13   0WEATTX.DAT  
TX COLLEGE STATION CAA 30.58   96.35    94.5  14   0WEATTX.DAT  
TX COLUMBUS            29.70   96.53    64.0  15   0WEATTX.DAT  
TX CONROE 6 E          30.32   95.45    76.2  16   0WEATTX.DAT  
TX COPE RANCH          31.65  101.25   798.6  17   0WEATTX.DAT  
TX CORNUDAS SERVICE ST 31.78  105.47  1365.5  18   0WEATTX.DAT  
TX CORPUS CHRISTI WBAP 27.77   97.43    12.2  19   0WEATTX.DAT  
TX CRANE               31.40  102.33   792.5  20   0WEATTX.DAT  
TX DEL RIO WB AP       29.37  100.82   332.2  21   0WEATTX.DAT  
TX DIMMIT 2N           34.58  102.32  1173.5  22   0WEATTX.DAT  
TX EAGLE PASS          28.72  100.50   225.6  23   0WEATTX.DAT  
TX EASTLAND            32.40   98.80   432.8  24   0WEATTX.DAT  
TX FALCON DAM          26.55   99.13    97.5  25   0WEATTX.DAT  
TX FOLLETT             36.43  100.13   853.4  26   0WEATTX.DAT  
TX FORT STOCKTON       30.90  102.87   893.1  27   0WEATTX.DAT  
TX FOWLERTON           28.47   98.82   103.6  28   0WEATTX.DAT  
TX GAINESVILLE         33.62   97.13   225.6  29   0WEATTX.DAT  
TX GOLDTHWAITE         31.45   98.57   481.6  30   0WEATTX.DAT  
TX GONZALES            29.50   97.45    91.4  31   0WEATTX.DAT  
TX HENRIETTA           33.80   98.20   280.4  32   0WEATTX.DAT  
TX HILLSBORO           32.02   97.13   192.0  33   0WEATTX.DAT  
TX HONDO               29.33   99.15   274.3  34   0WEATTX.DAT  
TX JAYTON              33.25  100.57   612.6  35   0WEATTX.DAT  
TX JOHNSON CITY        23.02   98.42   368.8  36   0WEATTX.DAT  
TX KAUFMAN             32.60   96.30   137.2  37   0WEATTX.DAT  
TX LAREDO NO 2         27.52   99.47   149.4  38   0WEATTX.DAT  
TX LIVINGSTON          30.70   94.95    57.9  39   0WEATTX.DAT  
TX LUBBOCK WB AP       33.65  101.83   987.6  40   0WEATTX.DAT  
TX LUFKIN CAA AP       31.32   94.72    88.4  41   0WEATTX.DAT  
TX MARATHON            30.22  103.25  1234.4  42   0WEATTX.DAT  
TX MARFA 2             30.30  104.02  1435.6  43   0WEATTX.DAT  
TX MARSHALL            32.55   94.37   115.8  44   0WEATTX.DAT  
TX MASON               30.75   99.22   469.4  45   0WEATTX.DAT  
TX MATAGORDA           28.70   95.97     3.0  46   0WEATTX.DAT  
TX MC COOK             26.48   98.38    67.1  47   0WEATTX.DAT  
TX MC GREGOR           31.43   97.40   222.5  48   0WEATTX.DAT  
TX MEXIA               31.68   96.48   161.5  49   0WEATTX.DAT  
TX MIAMI               35.70  100.63   835.2  50   0WEATTX.DAT  
TX MORTON              33.73  102.77  1146.0  51   0WEATTX.DAT  
TX OZONA               30.52  101.17   652.3  52   0WEATTX.DAT  
TX PALESTINE WB CITY   31.75   95.67   149.4  53   0WEATTX.DAT  
TX PANDALE             30.20  101.58   506.0  54   0WEATTX.DAT  
TX PANTHER JUNCTION    29.32  103.22  1140.0  55   0WEATTX.DAT  
TX PARIS               33.65   95.58   179.8  56   0WEATTX.DAT  
TX PECOS               31.43  103.50   786.4  57   0WEATTX.DAT  
TX PORT MANSFIELD      26.55   97.43      .0  58   0WEATTX.DAT  
TX PORT OCONNOR        28.43   96.40     6.1  59   0WEATTX.DAT  
TX PRESIDIO            29.55  104.37   786.4  60   0WEATTX.DAT  
TX ROSCOE              32.45  100.53   725.4  61   0WEATTX.DAT  
TX SAN ANGELO          31.37  100.50   579.1  62   0WEATTX.DAT  
TX SAN ANTONIO WB AP   29.53   98.47   237.7  63   0WEATTX.DAT  
TX SEMINOLE            32.72  102.65   999.7  64   0WEATTX.DAT  
TX SEYMOUR             33.58   99.27   390.1  65   0WEATTX.DAT  
TX SHERMAN             33.60   96.65   225.6  66   0WEATTX.DAT  
TX SILVERTON           34.47  101.30  1060.7  67   0WEATTX.DAT  
TX SONORA              30.57  100.65   682.8  68   0WEATTX.DAT  
TX SPEARMAN            36.20  101.20   944.9  69   0WEATTX.DAT  
TX STRATFORD           36.33  102.07  1127.8  70   0WEATTX.DAT  
TX TAYLOR              30.58   97.42   173.7  71   0WEATTX.DAT  
TX TEMPLE              31.05   97.35   210.3  72   0WEATTX.DAT  
TX THOMPSON 3WSW       29.48   95.63    21.3  73   0WEATTX.DAT  
TX TYLER 5NE           32.40   95.27   149.4  74   0WEATTX.DAT  
TX VAN HORN            31.03  104.85  1222.2  75   0WEATTX.DAT  
TX VEGA                35.25  102.43  1219.2  76   0WEATTX.DAT  
TX VICTORIA WB AP      28.85   96.92    30.5  77   0WEATTX.DAT  
TX WEATHERFORD         32.77   97.82   335.3  78   0WEATTX.DAT  
TX YSLETA              31.70  106.32  1118.6  79   0WEATTX.DAT  
