WA ABERDEEN 20 NNE WIS 47.27  123.70   134.1   1   0WEATWA.DAT  
WA ANACORTES           48.52  122.62     9.1   2   0WEATWA.DAT  
WA BREMERTON NAVY YARD 47.55  122.63     3.0   3   0WEATWA.DAT  
WA CEDAR LAKE          47.42  121.73   475.5   4   0WEATWA.DAT  
WA CLEARWATER          47.58  124.30    24.4   5   0WEATWA.DAT  
WA COLVILLE WB AP      48.53  117.87   566.9   6   0WEATWA.DAT  
WA CONCONULLY          48.57  119.75   691.9   7   0WEATWA.DAT  
WA CONCRETE            48.53  121.75    82.3   8   0WEATWA.DAT  
WA ELLENSBURG WB AP    47.03  120.52   527.3   9   0WEATWA.DAT  
WA EPHRATA CAA AP      47.30  119.53   384.0  10   0WEATWA.DAT  
WA GRAYS RIVER HATCH   46.38  123.57    30.5  11   0WEATWA.DAT  
WA HARRINGTON 4 ENE    47.48  118.18   688.8  12   0WEATWA.DAT  
WA HATTON 10 E         46.75  118.62   417.6  13   0WEATWA.DAT  
WA LIND 3 NE EXP STA   47.00  118.58   496.8  14   0WEATWA.DAT  
WA LONG BEACH EXP STA  46.37  124.03     9.1  15   0WEATWA.DAT  
WA MAZAMA 2 W          48.60  120.43   664.5  16   0WEATWA.DAT  
WA OLYMPIA WB AP       46.97  122.90    57.9  17   0WEATWA.DAT  
WA PACKWOOD            46.62  121.67   323.1  18   0WEATWA.DAT  
WA POMEROY             46.48  117.58   579.1  19   0WEATWA.DAT  
WA PORT ANGELES        48.12  123.43    27.4  20   0WEATWA.DAT  
WA REPUBLIC            48.65  118.73   807.7  21   0WEATWA.DAT  
WA RICHLAND 2 NW       46.30  119.30   121.9  22   0WEATWA.DAT  
WA SAPPHO 8E           48.07  124.12   231.6  23   0WEATWA.DAT  
WA SPOKANE WB AP       47.62  117.52   719.3  24   0WEATWA.DAT  
WA TATOOSH ISLAND WB   48.38  124.73    30.5  25   0WEATWA.DAT  
WA WENATCHEE           47.42  120.32   192.0  26   0WEATWA.DAT  
WA YAKIMA WB AP        46.57  120.53   323.1  27   0WEATWA.DAT  
