NV AUSTIN              39.50  117.07  2033.0   1   0WEATNV.DAT  
NV BATTLE MTN AP       40.60  116.87  1380.7   2   0WEATNV.DAT  
NV BLUE JAY HWY STA    38.38  116.22  1621.5   3   0WEATNV.DAT  
NV CALIENTE            37.62  114.52  1341.1   4   0WEATNV.DAT  
NV CONTACT             41.78  114.75  1636.8   5   0WEATNV.DAT  
NV DEETH               41.07  115.28  1627.6   6   0WEATNV.DAT  
NV DUFFRRENA           41.87  119.02  1463.0   7   0WEATNV.DAT  
NV ELKO WBO            40.83  115.78  1548.4   8   0WEATNV.DAT  
NV ELY WBO             39.28  114.85  1905.0   9   0WEATNV.DAT  
NV EUREKA              39.52  115.97  1993.4  10   0WEATNV.DAT  
NV FALLON EXP STA      39.45  118.78  1210.1  11   0WEATNV.DAT  
NV HAWTHORNE BABBITT   38.53  118.65  1274.1  12   0WEATNV.DAT  
NV KEY PITTMAN WMA     37.62  115.22  1204.0  13   0WEATNV.DAT  
NV LAS VEGAS WB AP     36.08  115.17   658.4  14   0WEATNV.DAT  
NV LEHMAN CAVES NT MON 39.00  114.22  2078.7  15   0WEATNV.DAT  
NV LEANORD CREEK RCH   41.52  118.72  1286.3  16   0WEATNV.DAT  
NV LOGANDALE UNEXP FM  36.57  114.47   402.3  17   0WEATNV.DAT  
NV LOVELOCK FAA AP     40.07  118.55  1188.7  18   0WEATNV.DAT  
NV LUND                38.85  115.00  1694.7  19   0WEATNV.DAT  
NV MCDERMITT           42.00  117.72  1377.7  20   0WEATNV.DAT  
NV PAHRANAGAT WLD REF  37.27  115.12  1036.3  21   0WEATNV.DAT  
NV PEQUOP              41.07  114.53  1837.9  22   0WEATNV.DAT  
NV PIOCHE              37.93  114.45  1877.6  23   0WEATNV.DAT  
NV RENO WSFO AP        39.50  119.78  1341.1  24   0WEATNV.DAT  
NV ELKO                40.20  115.50  1831.8  25   0WEATNV.DAT  
NV RYE PATCH DAM       40.47  118.30  1258.8  26   0WEATNV.DAT  
NV SEARCHLIGHT         35.47  114.92  1079.0  27   0WEATNV.DAT  
NV SILVERPEAK          37.67  117.58  1298.4  28   0WEATNV.DAT  
NV SMOKEY VALLEY       38.78  117.17  1713.0  29   0WEATNV.DAT  
NV SNOWBALL RANCH      39.07  116.20   216.4  30   0WEATNV.DAT  
NV SUTCLIFF-WARRIOR PT 40.05  119.63  1213.1  31   0WEATNV.DAT  
NV TONOPAH AP          38.07  117.08  1652.0  32   0WEATNV.DAT  
NV TUSCARORA           41.32  116.23   185.9  33   0WEATNV.DAT  
NV WINNEMUCCA WBO      40.97  117.73  1307.6  34   0WEATNV.DAT  
