NE BROKEN BOW NO 1     41.40   99.63   752.9   1   0WEATNE.DAT  
NE COLUMBUS            41.43   97.35   438.9   2   0WEATNE.DAT  
NE CRESCENT LK GAME RF 41.75  102.43  1164.3   3   0WEATNE.DAT  
NE CURTIS              40.63  100.50   783.3   4   0WEATNE.DAT  
NE FORT ROBINSON       42.65  103.47  1158.2   5   0WEATNE.DAT  
NE FREMONT             41.43   96.48   365.8   6   0WEATNE.DAT  
NE GENEVA              40.53   97.60   496.8   7   0WEATNE.DAT  
NE GRAND ISLAND WB AP  40.97   98.32   560.8   8   0WEATNE.DAT  
NE HAY SPRINGS 12 S    42.50  102.70  1161.3   9   0WEATNE.DAT  
NE HOLDREGE            40.43   99.38   713.2  10   0WEATNE.DAT  
NE IMPERIAL            40.52  101.63   999.7  11   0WEATNE.DAT  
NE KINGSLEY DAM        41.22  101.65  1005.8  12   0WEATNE.DAT  
NE MULLEN 21NW         42.27  101.35  1051.6  13   0WEATNE.DAT  
NE NEWPORT             42.60   99.33   679.7  14   0WEATNE.DAT  
NE NORTH LOUP          41.50   98.77   597.4  15   0WEATNE.DAT  
NE O NEILL             42.45   98.63   603.5  16   0WEATNE.DAT  
NE OSMOND              42.35   97.60   502.9  17   0WEATNE.DAT  
NE SCOTTSBLUFF CAA AP  41.87  103.60  1204.0  18   0WEATNE.DAT  
NE STAPLETON           41.48  100.52   896.1  19   0WEATNE.DAT  
NE SYRACUSE            40.65   96.18   320.0  20   0WEATNE.DAT  
NE VALENTINE LKS GAME  42.58  100.68   893.1  21   0WEATNE.DAT  
NE WAHOO               41.20   96.63   347.5  22   0WEATNE.DAT  
NE WALTHILL            42.15   96.50   368.8  23   0WEATNE.DAT  
