UT ALTAMONT            40.37  110.28  1941.6   1   0WEATUT.DAT  
UT ALTON               37.43  112.48  2179.3   2   0WEATUT.DAT  
UT BEAR RIVER REFUGE   41.47  112.27  1283.2   3   0WEATUT.DAT  
UT BLACK ROCK          38.72  112.97  1481.3   4   0WEATUT.DAT  
UT BLANDING            37.62  109.47  1841.0   5   0WEATUT.DAT  
UT BOULDER             37.92  111.42  2042.2   6   0WEATUT.DAT  
UT DESERT EXP RANGE    38.60  113.75  1600.2   7   0WEATUT.DAT  
UT HANKSVILLE AP       38.42  110.68  1359.4   8   0WEATUT.DAT  
UT HEBER               40.50  111.42  1703.8   9   0WEATUT.DAT  
UT JENSEN              40.37  109.37  1444.8  10   0WEATUT.DAT  
UT KOOSHAREM           38.52  111.88  1990.3  11   0WEATUT.DAT  
UT LUCIN               41.35  113.90  1362.5  12   0WEATUT.DAT  
UT MOAB                38.58  109.55  1219.2  13   0WEATUT.DAT  
UT MONUMENT VALLY MISS 37.02  110.22  1615.4  14   0WEATUT.DAT  
UT MORONI              39.53  111.58  1685.5  15   0WEATUT.DAT  
UT OAK CITY            39.38  112.33  1493.5  16   0WEATUT.DAT  
UT PARK VALLEY         41.82  113.35  1709.9  17   0WEATUT.DAT  
UT SUNNYSIDE           39.57  110.37  2066.5  18   0WEATUT.DAT  
UT THOMPSON            38.97  109.72  1569.7  19   0WEATUT.DAT  
UT TOOELE              40.53  112.30  1469.1  20   0WEATUT.DAT  
UT VEYO POWER HOUSE    37.35  113.67  1402.1  21   0WEATUT.DAT  
UT WENDOVER AP         40.72  114.03  1289.3  22   0WEATUT.DAT  
UT WOODRUFF            41.53  111.15  1932.4  23   0WEATUT.DAT  
