MN ARGYLE              48.33   96.78   259.1   1   0WEATMN.DAT  
MN ARTICHOKE LAKE      45.37   96.13   329.2   2   0WEATMN.DAT  
MN BABBITT 2 SE        47.68   91.92   493.8   3   0WEATMN.DAT  
MN BAUDETTE 21SSE      48.42   94.57   359.7   4   0WEATMN.DAT  
MN CAMBRIDGE EPLTC COL 45.57   93.23   304.8   5   0WEATMN.DAT  
MN CANBY               44.72   96.28   378.0   6   0WEATMN.DAT  
MN CASS LAKE FOR  STA  47.38   94.63   402.3   7   0WEATMN.DAT  
MN COOK 18W            47.87   93.07   399.3   8   0WEATMN.DAT  
MN FOSSTON PWR PLNT    47.57   95.73   393.2   9   0WEATMN.DAT  
MN GLENWOOD            45.65   95.40   356.6  10   0WEATMN.DAT  
MN GRAND MARAIS CST GD 47.75   90.33   189.0  11   0WEATMN.DAT  
MN GUNFLINT LODGE      48.08   90.75    45.7  12   0WEATMN.DAT  
MN HIBBING FAA AP      47.38   92.85   408.4  13   0WEATMN.DAT  
MN INT FALLS WP AP     48.57   93.38   359.7  14   0WEATMN.DAT  
MN ISLE 8N             46.25   93.52   393.2  15   0WEATMN.DAT  
MN MINN-ST PAUL WBAP   44.88   93.22   253.0  16   0WEATMN.DAT  
MN MOOSE LAKE 1 SE     46.45   92.75   332.2  17   0WEATMN.DAT  
MN MORRIS WC SCHOOL    45.58   95.92   344.4  18   0WEATMN.DAT  
MN NORTH MANKATO       44.17   94.03   237.7  19   0WEATMN.DAT  
MN PARK RAPIDS         46.90   95.05   435.9  20   0WEATMN.DAT  
MN PINE RVR DAM CRS LK 46.68   94.12   381.0  21   0WEATMN.DAT  
MN POKEGAMA DAM        47.25   93.58   390.1  22   0WEATMN.DAT  
MN RED LAKE FALLS      47.88   96.27   304.8  23   0WEATMN.DAT  
MN ROSEMOUNT AG EX STA 44.70   93.12   289.6  24   0WEATMN.DAT  
MN ROTHSAY             46.48   96.27   365.8  25   0WEATMN.DAT  
MN ST CLOUD WB AP      45.58   94.18   313.9  26   0WEATMN.DAT  
MN SANDY LK DM LIBBY   46.80   93.32   374.9  27   0WEATMN.DAT  
MN STEWART             44.73   94.50   317.0  28   0WEATMN.DAT  
MN TRACY POWER PLANT   44.23   95.62   426.7  29   0WEATMN.DAT  
MN WADENA              46.43   95.13   411.5  30   0WEATMN.DAT  
MN WANNASKA 8SE        48.57   95.63   362.7  31   0WEATMN.DAT  
MN WILLMAR STATE HOSP  45.13   95.02   344.4  32   0WEATMN.DAT  
MN WINNEBAGO           43.77   94.17   338.3  33   0WEATMN.DAT  
MN ZUMBROTA            44.30   92.67   301.8  34   0WEATMN.DAT  
