FL APALACHICOLA WB CTY 29.73   84.98     3.0   1   0WEATFL.DAT  
FL AVON PARK           27.60   81.50    45.7   2   0WEATFL.DAT  
FL BELLE GLADE EXP STA 26.67   80.63     6.1   3   0WEATFL.DAT  
FL BRADENTON           27.48   82.58     6.1   4   0WEATFL.DAT  
FL CHIPLEY 3 E         30.78   85.48    39.6   5   0WEATFL.DAT  
FL CLERMONT 6 SSW      28.48   81.78    39.6   6   0WEATFL.DAT  
FL CRESTVIEW FAA AP    30.78   86.52    54.9   7   0WEATFL.DAT  
FL CROSS CITY 2        29.63   83.12    15.2   8   0WEATFL.DAT  
FL EVERGLADES          25.85   81.38      .0   9   0WEATFL.DAT  
FL FORT DRUM           27.53   80.80    18.3  10   0WEATFL.DAT  
FL FORT MYERS WB AP    26.58   81.87     6.1  11   0WEATFL.DAT  
FL GAINESVILLE 2 SW    29.63   82.37    42.7  12   0WEATFL.DAT  
FL HOMESTEAD EXP STA   25.50   80.50     3.0  13   0WEATFL.DAT  
FL JACKSONVILLE WB AP  30.42   81.65     9.1  14   0WEATFL.DAT  
FL KEY WEST WB AIRPORT 24.58   81.70     3.0  15   0WEATFL.DAT  
FL LIVE OAK 2 ESE      30.28   82.97    30.5  16   0WEATFL.DAT  
FL MILTON EXP STATION  30.78   87.15    67.1  17   0WEATFL.DAT  
FL MONTICELLO 2 S      30.53   83.87    64.0  18   0WEATFL.DAT  
FL PALATKA             29.65   81.63     6.1  19   0WEATFL.DAT  
FL TALLAHASSEE WB AP   30.45   84.35    18.3  20   0WEATFL.DAT  
FL TITUSVILLE 2 W      28.62   80.83     9.1  21   0WEATFL.DAT  
FL VERO BEACH, FAA AP. 27.65   80.42     6.1  22   0WEATFL.DAT  
FL WEEKI WACHEE        28.52   82.58     6.1  23   0WEATFL.DAT  
