CA ALTURAS             41.50  120.53  1359.4   1   0WEATCA.DAT  
CA ASH MOUNTAIN        36.48  118.83   515.1   2   0WEATCA.DAT  
CA BAKER               35.27  116.07   286.5   3   0WEATCA.DAT  
CA BISHOP WBO          37.37  118.37  1252.7   4   0WEATCA.DAT  
CA BLYTHE AP           33.62  114.72   118.9   5   0WEATCA.DAT  
CA BOWMAN DAM          39.45  120.65  1630.7   6   0WEATCA.DAT  
CA BRIDGEPORT          38.27  119.23  1941.6   7   0WEATCA.DAT  
CA BUTTONWILLOW        35.40  119.47    82.3   8   0WEATCA.DAT  
CA DAGGETT AP          34.87  116.78   585.2   9   0WEATCA.DAT  
CA DEATH VALLEY        36.47  116.87   -57.9  10   0WEATCA.DAT  
CA DENAIR              37.53  120.80    36.6  11   0WEATCA.DAT  
CA EL CAPITAN DAM      32.88  116.82   185.9  12   0WEATCA.DAT  
CA EL CENTRO           32.78  115.57   -12.2  13   0WEATCA.DAT  
CA EUREKA WBO          40.80  124.17    12.2  14   0WEATCA.DAT  
CA FAIRMONT            34.70  118.43   932.7  15   0WEATCA.DAT  
CA FOREST GLEN         40.37  123.33   713.2  16   0WEATCA.DAT  
CA FRESNO WB AP        36.73  119.82    85.3  17   0WEATCA.DAT  
CA GLENNVILLE          35.72  118.70   954.0  18   0WEATCA.DAT  
CA HAIWEE              36.13  117.95  1167.4  19   0WEATCA.DAT  
CA HAYFIELD RESERVOIR  33.70  115.63   417.6  20   0WEATCA.DAT  
CA LAVA BED NAT. MON.  41.73  121.52  1453.9  21   0WEATCA.DAT  
CA LOMPOC              34.63  120.47    30.5  22   0WEATCA.DAT  
CA LOS ANGELES WB AP   33.93  118.38    30.5  23   0WEATCA.DAT  
CA MANZANITA LAKE      40.53  121.57  1783.1  24   0WEATCA.DAT  
CA MITCHELL CAVERNS    34.93  115.53  1325.9  25   0WEATCA.DAT  
CA MOUNTAIN PASS       35.47  115.53  1441.7  26   0WEATCA.DAT  
CA MOUNT SHASTA        41.32  122.32  1079.0  27   0WEATCA.DAT  
CA NEEDLES AP          34.77  114.62   277.4  28   0WEATCA.DAT  
CA ORICK PRAIRIE CR PK 41.33  124.03    48.8  29   0WEATCA.DAT  
CA ORLEANS             41.30  123.53   121.9  30   0WEATCA.DAT  
CA OROVILLE 1 WSW      39.50  121.57    48.8  31   0WEATCA.DAT  
CA PASO ROBLES AP      35.60  120.65   246.9  32   0WEATCA.DAT  
CA PRIEST VALLEY       36.20  120.70   685.8  33   0WEATCA.DAT  
CA RANDSBURG           35.37  117.65  1088.1  34   0WEATCA.DAT  
CA SACRAMENTO WB AP    38.52  121.50     6.1  35   0WEATCA.DAT  
CA SAINT HELENA        38.50  122.47    79.2  36   0WEATCA.DAT  
CA SALINAS 3E          36.67  121.60    24.4  37   0WEATCA.DAT  
CA SAN DIEGO WB AP     32.73  117.17     6.1  38   0WEATCA.DAT  
CA SAN FRANCISCO WB AP 37.62  122.38      .0  39   0WEATCA.DAT  
CA SANTA BARBARA       34.42  119.72    36.6  40   0WEATCA.DAT  
CA SHASTA DAM          40.72  122.42   329.2  41   0WEATCA.DAT  
CA TERMO               40.87  120.45  1615.4  42   0WEATCA.DAT  
CA THERMAL CAA AP      33.62  116.17   -36.6  43   0WEATCA.DAT  
CA TIGER CREEK PH      38.45  120.48   719.3  44   0WEATCA.DAT  
CA TRACY PUMPING PLANT 37.80  121.58    18.3  45   0WEATCA.DAT  
CA TUSTIN IRVINE RANCH 33.73  117.78    36.6  46   0WEATCA.DAT  
CA VICTORVILLE         34.53  117.30   865.6  47   0WEATCA.DAT  
CA WILLITS 1NE         39.42  123.33   411.5  48   0WEATCA.DAT  
CA WILLOWS             39.52  122.18    42.7  49   0WEATCA.DAT  
CA YOSEMITE NP         37.75  119.58  1216.2  50   0WEATCA.DAT  
CA YREKA               41.72  122.63   801.6  51   0WEATCA.DAT  
