WY ALVA 5SSE           44.65  104.33  1344.2   1   0WEATWY.DAT  
WY BITTER CREEK        41.58  108.52  2048.3   2   0WEATWY.DAT  
WY BLACK MOUNTAIN      43.65  107.73  1716.0   3   0WEATWY.DAT  
WY BORDER 3 N          42.25  111.03  1865.4   4   0WEATWY.DAT  
WY BUFFALO BILL DAM    44.50  109.18  1572.8   5   0WEATWY.DAT  
WY BURGESS JUNCTION    44.77  107.53  2450.6   6   0WEATWY.DAT  
WY CASPER WB AP        42.92  106.33  1627.6   7   0WEATWY.DAT  
WY CLEARMONT 2SW       44.62  106.38  1194.8   8   0WEATWY.DAT  
WY DOUGLAS AVIATION    42.75  105.38  1463.0   9   0WEATWY.DAT  
WY DUBOIS              43.55  109.62  2109.2  10   0WEATWY.DAT  
WY GILLETTE            44.28  105.50  1402.1  11   0WEATWY.DAT  
WY JACKSON             43.48  110.77  1902.0  12   0WEATWY.DAT  
WY KEMMERER            41.80  110.53  2118.4  13   0WEATWY.DAT  
WY LAKE YELLOWSTONE    44.57  110.40  2356.1  14   0WEATWY.DAT  
WY LANDER WB AP        42.82  108.73  1694.7  15   0WEATWY.DAT  
WY LARAMIE CAA AP      41.32  105.68  2215.9  16   0WEATWY.DAT  
WY LUSK                42.77  104.43  1527.0  17   0WEATWY.DAT  
WY MIDWEST             43.42  106.28  1478.3  18   0WEATWY.DAT  
WY MUDDY GAP           42.35  107.47  1923.3  19   0WEATWY.DAT  
WY PHILLIPS            41.63  104.48  1493.5  20   0WEATWY.DAT  
WY PINEDALE            42.87  109.85  2188.5  21   0WEATWY.DAT  
WY POWELL              44.75  108.77  1338.1  22   0WEATWY.DAT  
WY RAWLINS CAA AP      41.80  107.20  2054.4  23   0WEATWY.DAT  
WY REDBIRD             43.25  104.28  1185.7  24   0WEATWY.DAT  
WY RENO                43.68  105.52  1548.4  25   0WEATWY.DAT  
WY ROCK SPRINGS WB AP  41.60  109.07  2054.4  26   0WEATWY.DAT  
WY SARATOGA            41.45  106.80  2069.6  27   0WEATWY.DAT  
WY THERMOPOLIS 24 WNW  43.72  108.67  1694.7  28   0WEATWY.DAT  
