MO ANDERSON 1 SW       36.63   94.45   304.8   1   0WEATMO.DAT  
MO ARCADIA             37.58   90.62   280.4   2   0WEATMO.DAT  
MO CANTON L AND D 20   40.15   91.52   149.4   3   0WEATMO.DAT  
MO CARROLLTON          39.37   93.50   228.6   4   0WEATMO.DAT  
MO DONIPHAN            36.62   90.83   103.6   5   0WEATMO.DAT  
MO EDGERTON            39.50   94.62   259.1   6   0WEATMO.DAT  
MO GRANT CITY          40.48   94.42   344.4   7   0WEATMO.DAT  
MO HARRISONVILLE       38.65   94.33   274.3   8   0WEATMO.DAT  
MO JACKSON             37.38   89.67   140.2   9   0WEATMO.DAT  
MO JEFF CITY RADIO KWS 38.58   92.20   167.6  10   0WEATMO.DAT  
MO KIRKSVILLE          40.20   92.57   292.6  11   0WEATMO.DAT  
MO LAMAR               37.50   94.27   298.7  12   0WEATMO.DAT  
MO LEBANON             37.65   92.68   384.0  13   0WEATMO.DAT  
MO MOBERLY AP          39.47   92.42   262.1  14   0WEATMO.DAT  
MO PRINCETON           40.40   93.60   256.0  15   0WEATMO.DAT  
MO SAINT JOSEPH WB AP  39.77   94.92   289.6  16   0WEATMO.DAT  
MO SAINT LOUIS WB AP   38.75   90.38   167.6  17   0WEATMO.DAT  
MO SALEM               37.63   91.55   365.8  18   0WEATMO.DAT  
MO SPRINGFIELD WB AP   37.23   93.38   384.0  19   0WEATMO.DAT  
MO TARKIO CAA AP       40.45   95.37   277.4  20   0WEATMO.DAT  
MO UNION 2 SE          38.45   91.00   158.5  21   0WEATMO.DAT  
MO VANDALIA            39.30   91.50   234.7  22   0WEATMO.DAT  
MO WARSAW NO 1         38.25   93.35   207.3  23   0WEATMO.DAT  
