AK ADAK                51.85  176.65     3.0   1   0WEATAK.DAT  
AK AMBLER WEST         67.08  157.87    36.6   2   0WEATAK.DAT  
AK ANNETTE WSO AP      55.03  131.57    33.5   3   0WEATAK.DAT  
AK BARROW WSO AP       71.30  156.78     9.1   4   0WEATAK.DAT  
AK BARTER ISLAND WSO A 70.13  143.63    12.2   5   0WEATAK.DAT  
AK BETHEL WSO AP       60.78  161.80    39.6   6   0WEATAK.DAT  
AK BETTLES FAA AP      66.92  151.52   195.1   7   0WEATAK.DAT  
AK CAPE LISBURNE       68.87  166.12    15.2   8   0WEATAK.DAT  
AK CAPE NEWENHAM       58.63  162.07   146.3   9   0WEATAK.DAT  
AK CAPE ROMANZOF       61.78  171.75     9.1  10   0WEATAK.DAT  
AK CIRCLE CITY         65.83  144.07   182.9  11   0WEATAK.DAT  
AK CLEAR WATER         64.05  145.52   335.3  12   0WEATAK.DAT  
AK COLD BAY WSO AP     55.20  162.72    30.5  13   0WEATAK.DAT  
AK DILLINGHAM FAA AP   59.05  158.52    27.4  14   0WEATAK.DAT  
AK DUTCH HARBOR        53.90  166.53     3.0  15   0WEATAK.DAT  
AK EAGLE               64.78  141.20   259.1  16   0WEATAK.DAT  
AK FAIRBANKS WSFO AP   64.82  147.87   134.1  17   0WEATAK.DAT  
AK GAMBELL             63.78  166.05   131.1  18   0WEATAK.DAT  
AK HOMER WSO AP        59.63  151.50    27.4  19   0WEATAK.DAT  
AK ILIAMNA FAA AP      59.75  154.92    57.9  20   0WEATAK.DAT  
AK INDIAN MOUNTAIN     65.98  153.68   371.9  21   0WEATAK.DAT  
AK JUNEAU FAA AP       58.37  134.58     3.0  22   0WEATAK.DAT  
AK KLAWOCK             55.55  133.10     3.0  23   0WEATAK.DAT  
AK KODIAK WSO AP       57.75  152.50    33.5  24   0WEATAK.DAT  
AK KOTZEBUE WSO AP     66.87  162.63     3.0  25   0WEATAK.DAT  
AK MANTANUSKA AG EX ST 61.57  149.27    45.7  26   0WEATAK.DAT  
AK MCGRATH WSO AP      62.97  155.62   103.6  27   0WEATAK.DAT  
AK NOME WSO AP         64.50  165.43     3.0  28   0WEATAK.DAT  
AK NORTHWAY FAA AP     62.97  141.93   521.2  29   0WEATAK.DAT  
AK ST. PAUL IS. WSO AP 57.15  170.22     6.1  30   0WEATAK.DAT  
AK TALKEETNA WSO AP    62.30  150.10   106.7  31   0WEATAK.DAT  
AK VALDEZ WSO AP       61.13  146.35     6.1  32   0WEATAK.DAT  
AK YAKUTAT WSO AP      59.52  139.67     9.1  33   0WEATAK.DAT  
