MT AUSTIN 1 W          46.65  112.27  1524.0   1   0WEATMT.DAT  
MT BABB 6 NE           48.93  113.35  1359.4   2   0WEATMT.DAT  
MT BILLINGS WB AP      45.80  108.53  1088.1   3   0WEATMT.DAT  
MT BRANDERBERG         45.82  106.22   844.3   4   0WEATMT.DAT  
MT BROADUS             45.43  105.40   923.5   5   0WEATMT.DAT  
MT CARLYLE 12NW        46.77  104.28   920.5   6   0WEATMT.DAT  
MT CIRCLE              47.43  105.58   740.7   7   0WEATMT.DAT  
MT CONRAD              48.17  111.97  1072.9   8   0WEATMT.DAT  
MT CONTENT             48.02  107.58   688.8   9   0WEATMT.DAT  
MT CUT BANK CAA AP     48.60  112.37  1170.4  10   0WEATMT.DAT  
MT DEER LODGE 3W       46.40  112.80  1478.3  11   0WEATMT.DAT  
MT DIVIDE 2 NW         45.77  112.78  1649.0  12   0WEATMT.DAT  
MT DRUMMOND AVIATION   46.67  113.15  1200.9  13   0WEATMT.DAT  
MT EKALAKA             45.88  104.53  1045.5  14   0WEATMT.DAT  
MT FLATWILLOW 4 ENE    46.85  108.32   957.1  15   0WEATMT.DAT  
MT FORKS 5 NE          48.78  107.43   792.5  16   0WEATMT.DAT  
MT GERALDINE           47.60  110.27   957.1  17   0WEATMT.DAT  
MT GIBSON DAM          47.60  112.77  1399.0  18   0WEATMT.DAT  
MT GLASGOW WSO AP      48.22  106.62   694.9  19   0WEATMT.DAT  
MT GLENDIVE            47.10  104.72   634.0  20   0WEATMT.DAT  
MT GREAT FALLS WB AP   47.48  111.37  1115.6  21   0WEATMT.DAT  
MT HARLEM              48.53  108.78   722.4  22   0WEATMT.DAT  
MT HAVRE WSO AP        48.55  109.77   786.4  23   0WEATMT.DAT  
MT HELENA WSO AP       46.60  112.05  1185.7  24   0WEATMT.DAT  
MT HYSHAM              46.30  107.22   807.7  25   0WEATMT.DAT  
MT ILIAD               47.80  109.75   807.7  26   0WEATMT.DAT  
MT INGOMAR 11 NE       46.70  107.22   847.3  27   0WEATMT.DAT  
MT JOPLIN 6 N          48.65  110.77  1008.9  28   0WEATMT.DAT  
MT JORDAN 22E VAN NORM 47.35  106.43   722.4  29   0WEATMT.DAT  
MT KALISPELL WB AP     48.30  114.27   905.3  30   0WEATMT.DAT  
MT LAKEVIEW            44.60  111.80  2042.2  31   0WEATMT.DAT  
MT LIBBY 1 NE RS       48.40  115.53   634.0  32   0WEATMT.DAT  
MT LIMA                44.65  112.58  1911.1  33   0WEATMT.DAT  
MT LIVINGSTON CAA AP   45.67  110.53  1399.0  34   0WEATMT.DAT  
MT MEDICINE LAKE 3 SE  48.48  104.45   594.4  35   0WEATMT.DAT  
MT MILES CITY CAA AP   46.43  105.87   801.6  36   0WEATMT.DAT  
MT MOSBY 18N           47.25  107.95   707.1  37   0WEATMT.DAT  
MT MYSTIC LAKE         45.23  109.75  1999.5  38   0WEATMT.DAT  
MT NORRIS MADISON PH   45.48  111.63  1441.7  39   0WEATMT.DAT  
MT ROCK SPRINGS        46.82  106.23   920.5  40   0WEATMT.DAT  
MT ROY 8 NE            47.42  108.83  1051.6  41   0WEATMT.DAT  
MT RYEGATE 18NNE       46.53  109.38  1365.5  42   0WEATMT.DAT  
MT SAINT IGNATIUS      47.32  114.10   883.9  43   0WEATMT.DAT  
MT SAVAGE              47.45  104.35   606.6  44   0WEATMT.DAT  
MT SEELEY LAKE RS      47.22  113.52  1228.3  45   0WEATMT.DAT  
MT STEVENSVILLE        46.52  114.10  1027.2  46   0WEATMT.DAT  
MT TOWNSEND            46.32  111.52  1167.4  47   0WEATMT.DAT  
MT TROUT CREEK RS      47.87  115.62   716.3  48   0WEATMT.DAT  
MT UTICA 11WSW         46.88  110.30  1524.0  49   0WEATMT.DAT  
MT WISDOM              45.62  113.45  1847.1  50   0WEATMT.DAT  
MT WOLF POINT          48.08  105.63   612.6  51   0WEATMT.DAT  
MT YELLOWTAIL DAM      45.32  107.92   975.4  52   0WEATMT.DAT  
