ID ARBON 2NW           42.50  112.57  1575.8   1   0WEATID.DAT  
ID ARROWROCK DAM       43.60  115.92   987.6   2   0WEATID.DAT  
ID BRUNEAU             42.88  115.80   771.1   3   0WEATID.DAT  
ID BURLEY CAA AP       42.53  113.77  1264.9   4   0WEATID.DAT  
ID CAMBRIDGE           44.57  116.68   807.7   5   0WEATID.DAT  
ID COBALT              45.08  114.23  1527.0   6   0WEATID.DAT  
ID CRATERS OF MOON NM  43.47  113.57  1795.3   7   0WEATID.DAT  
ID DEADWOOD DAM        44.32  115.63  1639.8   8   0WEATID.DAT  
ID DEER FLAT DAM       43.58  116.75   765.0   9   0WEATID.DAT  
ID DUBOIS EXP STA      44.25  112.20  1664.2  10   0WEATID.DAT  
ID FAIRFIELD  R S      43.35  114.80  1545.3  11   0WEATID.DAT  
ID FENN RS             46.10  115.55   487.7  12   0WEATID.DAT  
ID IDAHO FALLS CAA AP  43.52  112.07  1441.7  13   0WEATID.DAT  
ID ISLAND PARK DAM     44.42  111.40  1920.2  14   0WEATID.DAT  
ID MAY RS              44.60  113.92  1545.3  15   0WEATID.DAT  
ID MONTPELIER R S      42.32  111.30  1816.6  16   0WEATID.DAT  
ID OROFINO             46.48  116.25   313.9  17   0WEATID.DAT  
ID PALISADES DAM       43.37  111.23  1642.9  18   0WEATID.DAT  
ID RIGGINS RS          45.42  116.32   548.6  19   0WEATID.DAT  
ID SAINT MARIES        47.32  116.57   652.3  20   0WEATID.DAT  
ID SALMON 1N           45.18  113.90  1197.9  21   0WEATID.DAT  
ID SANDPOINT EXP STA   48.28  116.57   640.1  22   0WEATID.DAT  
ID STANLEY             44.22  114.93  1911.1  23   0WEATID.DAT  
ID TWIN FALLS WS0      42.55  114.35  1207.0  24   0WEATID.DAT  
ID WALLACE WDLND PK    47.50  115.88   899.2  25   0WEATID.DAT  
ID WARREN              45.27  115.67  1798.3  26   0WEATID.DAT  
