AZ AGUILA              33.95  113.18   664.5   1   0WEATAZ.DAT  
AZ AJO                 32.37  112.87   536.4   2   0WEATAZ.DAT  
AZ BETATAKIN           36.68  110.53  2194.6   3   0WEATAZ.DAT  
AZ BLACK RIVER PUMPS   33.48  109.77  1841.0   4   0WEATAZ.DAT  
AZ BOWIE               32.33  109.48  1146.0   5   0WEATAZ.DAT  
AZ CANELO RS           31.55  110.52  1524.0   6   0WEATAZ.DAT  
AZ DOUGLAS B D AP      31.45  109.60  1249.7   7   0WEATAZ.DAT  
AZ ELOY                32.75  111.55   478.5   8   0WEATAZ.DAT  
AZ HEBER               34.38  110.58   198.1   9   0WEATAZ.DAT  
AZ JACOB LAKE          36.72  112.22  2407.9  10   0WEATAZ.DAT  
AZ KEAMS CANYON        35.82  110.20  1892.8  11   0WEATAZ.DAT  
AZ KLAGETOH 12 WNW     35.55  109.70  1981.2  12   0WEATAZ.DAT  
AZ KOFA MOUNTAINS      33.27  113.87   542.5  13   0WEATAZ.DAT  
AZ LEES FERRY          36.87  111.58   957.1  14   0WEATAZ.DAT  
AZ LITCHFIELD PARK     33.50  112.37   313.9  15   0WEATAZ.DAT  
AZ LUKACHUKAI          36.42  109.23  1975.1  16   0WEATAZ.DAT  
AZ MONTEZUMA CASTLE NM 34.62  111.83   969.3  17   0WEATAZ.DAT  
AZ ORACLE 4 SE         32.57  110.72  1332.0  18   0WEATAZ.DAT  
AZ PRESCOTT            34.55  112.47  1630.7  19   0WEATAZ.DAT  
AZ SAINT JOHNS         34.50  109.37  1746.5  20   0WEATAZ.DAT  
AZ SAN CARLOS RESRVOIR 33.17  110.52   771.1  21   0WEATAZ.DAT  
AZ SASABE              31.48  111.55  1094.2  22   0WEATAZ.DAT  
AZ SELIGMAN            35.32  112.88  1591.1  23   0WEATAZ.DAT  
AZ STEWART MTN         33.57  111.53   432.8  24   0WEATAZ.DAT  
AZ TACNA 3 NE          32.72  113.92    97.5  25   0WEATAZ.DAT  
AZ TUMACACORI          31.57  111.05   996.7  26   0WEATAZ.DAT  
AZ TUWEEP              36.28  113.07  1456.9  27   0WEATAZ.DAT  
AZ WIKIEUP             34.73  113.62   649.2  28   0WEATAZ.DAT  
AZ WUPATKI NATL MON    35.52  111.37  1496.6  29   0WEATAZ.DAT  
AZ YUMA WB AP          32.67  114.60    61.0  30   0WEATAZ.DAT  
