CO AKRON CAA AP        40.12  103.17  1396.0   1   0WEATCO.DAT  
CO ALAMOSA WB AP       37.43  105.85  2295.1   2   0WEATCO.DAT  
CO CANON CITY          38.43  105.27  1627.6   3   0WEATCO.DAT  
CO DEL NORTE           37.67  106.35  2401.8   4   0WEATCO.DAT  
CO EAGLE CAA           39.63  106.92  1981.2   5   0WEATCO.DAT  
CO GRAND JUNCTION WBAP 39.12  108.53  1478.3   6   0WEATCO.DAT  
CO GRAND LAKE          40.27  105.83  2554.2   7   0WEATCO.DAT  
CO GRANT               39.47  105.68  2639.6   8   0WEATCO.DAT  
CO GREELEY UNC         40.40  104.70  1466.1   9   0WEATCO.DAT  
CO GUNNISON            38.55  106.92  2325.6  10   0WEATCO.DAT  
CO HAYDEN              40.50  107.25  1932.4  11   0WEATCO.DAT  
CO HERMIT 9SE          37.75  107.12  2743.2  12   0WEATCO.DAT  
CO HOLLY               38.05  102.12  1033.3  13   0WEATCO.DAT  
CO HOLYOKE             40.58  102.30  1143.0  14   0WEATCO.DAT  
CO LA JUNTA CAA AP     38.05  103.52  1277.1  15   0WEATCO.DAT  
CO LAS ANIMAS 1N       38.08  103.22  1185.7  16   0WEATCO.DAT  
CO LIMON               39.27  103.68  1633.7  17   0WEATCO.DAT  
CO MAYBELL             40.52  108.08  1798.3  18   0WEATCO.DAT  
CO MESA VERDE NATL PRK 37.20  108.50  2121.4  19   0WEATCO.DAT  
CO MONTROSE NO 2       38.48  107.88  1777.0  20   0WEATCO.DAT  
CO PARADOX 2SE         38.37  108.95  1609.3  21   0WEATCO.DAT  
CO PARKER 9 E          39.52  104.65  1920.2  22   0WEATCO.DAT  
CO RIFLE               39.52  107.78  1615.4  23   0WEATCO.DAT  
CO SPRINGFIELD 7WSW    37.38  102.73  1396.0  24   0WEATCO.DAT  
CO STRATTON            39.30  102.58  1341.1  25   0WEATCO.DAT  
CO TACONY 10SE         38.38  104.07  1511.8  26   0WEATCO.DAT  
CO TIMPAS 13SW         37.67  103.92  1472.2  27   0WEATCO.DAT  
CO WALDEN              40.73  106.27  2468.9  28   0WEATCO.DAT  
CO WALSENBURG          37.63  104.78  1889.8  29   0WEATCO.DAT  
