NC ASHEVILLE WB CITY   35.60   82.53   685.8   1   0WEATNC.DAT  
NC CAPE HATTERAS WB    35.27   75.55     3.0   2   0WEATNC.DAT  
NC CLAYTON 3W          35.65   78.50   100.6   3   0WEATNC.DAT  
NC CULLOWHEE           35.32   83.18   640.1   4   0WEATNC.DAT  
NC ELIZABETH CITY      36.30   76.22     3.0   5   0WEATNC.DAT  
NC ELIZABETHTOWN LOCK2 34.63   78.58    18.3   6   0WEATNC.DAT  
NC GREENVILLE          35.62   77.37     9.1   7   0WEATNC.DAT  
NC HATTERAS WB CITY    35.22   75.68      .0   8   0WEATNC.DAT  
NC HENDERSON 2 SW      36.32   78.43   155.4   9   0WEATNC.DAT  
NC HICKORY AIRWAYS     35.73   81.38   347.5  10   0WEATNC.DAT  
NC JACKSON             36.40   77.42    39.6  11   0WEATNC.DAT  
NC LAURINBURG          34.78   79.45    70.1  12   0WEATNC.DAT  
NC MOUNT AIRY          36.52   80.62   326.1  13   0WEATNC.DAT  
NC PLYMOUTH EXP STA    35.87   76.65     6.1  14   0WEATNC.DAT  
NC REIDSVILLE 2NW      36.38   79.70   271.3  15   0WEATNC.DAT  
NC SALISBURY           35.67   80.48   231.6  16   0WEATNC.DAT  
NC SILER CITY          35.72   79.45   192.0  17   0WEATNC.DAT  
NC TRANSOU             36.42   81.28  1005.8  18   0WEATNC.DAT  
NC WILMINGTON CAA AP   34.27   77.92     9.1  19   0WEATNC.DAT  
NC WINSTON-SALEM WB AP 36.13   80.23   295.7  20   0WEATNC.DAT  
