KS ALTON 6 E           39.47   98.83   484.6   1   0WEATKS.DAT  
KS CEDAR BLUFF DAM     38.80   99.73   655.3   2   0WEATKS.DAT  
KS CENTRALIA           39.72   96.13   387.1   3   0WEATKS.DAT  
KS CHANUTE CAA AP      37.67   95.48   298.7   4   0WEATKS.DAT  
KS COLDWATER           37.27   99.33   634.0   5   0WEATKS.DAT  
KS CONCORDIA WSO AP    39.55   97.65   448.1   6   0WEATKS.DAT  
KS COTTONWOOD FALLS    38.37   96.55   362.7   7   0WEATKS.DAT  
KS GREAT BEND          38.35   98.77   563.9   8   0WEATKS.DAT  
KS HAYS 1 S            38.87   99.33   609.6   9   0WEATKS.DAT  
KS HILL CITY CAA AP    39.37   99.83   676.7  10   0WEATKS.DAT  
KS HOWARD              37.48   96.27   338.3  11   0WEATKS.DAT  
KS LAKIN               37.93  101.25   911.4  12   0WEATKS.DAT  
KS LEOTI               38.48  101.37  1005.8  13   0WEATKS.DAT  
KS MC DONALD           39.78  101.37  1024.1  14   0WEATKS.DAT  
KS OBERLIN             39.82  100.52   771.1  15   0WEATKS.DAT  
KS OTTAWA              38.63   95.25   271.3  16   0WEATKS.DAT  
KS PRATT               37.65   98.73   573.0  17   0WEATKS.DAT  
KS SALINA CAA AP       38.82   97.57   387.1  18   0WEATKS.DAT  
KS SCOTT CITY          38.48  100.90   905.3  19   0WEATKS.DAT  
KS SUBLETTE            37.48  100.83   887.0  20   0WEATKS.DAT  
KS TRIBUNE 1W          38.47  101.77  1100.3  21   0WEATKS.DAT  
KS TROY                39.78   95.08   329.2  22   0WEATKS.DAT  
KS WICHITA WB AIRPORT  37.65   97.42   402.3  23   0WEATKS.DAT  
KS YATES CENTER        37.88   95.73   332.2  24   0WEATKS.DAT  
