NY ARCADE              42.53   78.42   451.1   1   0WEATNY.DAT  
NY 1AURORA RESEARCH FM 42.73   76.65   253.0   2   0WEATNY.DAT  
NY BATH                42.33   77.33   338.3   3   0WEATNY.DAT  
NY BINHAMTON WB AP     42.08   76.10   253.0   4   0WEATNY.DAT  
NY BRIDGEHAMPTON       40.95   72.30    18.3   5   0WEATNY.DAT  
NY CANTON WB CITY      44.58   75.17   125.0   6   0WEATNY.DAT  
NY COOPERSTOWN         42.70   74.92   378.0   7   0WEATNY.DAT  
NY GENEVA SCS          42.88   77.02    18.3   8   0WEATNY.DAT  
NY ITHACA CORNELL UNIV 42.45   76.47   289.6   9   0WEATNY.DAT  
NY LIBERTY             41.82   74.75   481.6  10   0WEATNY.DAT  
NY LOCKPORT 2 NE       43.18   78.65   158.5  11   0WEATNY.DAT  
NY MILLBROOK           41.85   73.62   249.9  12   0WEATNY.DAT  
NY MINEOLA             40.73   73.63    39.6  13   0WEATNY.DAT  
NY NORWICH             42.55   75.53   326.1  14   0WEATNY.DAT  
NY OLD FORGE THENDARA  43.70   75.00    51.8  15   0WEATNY.DAT  
NY OSWEGO WB CITY      43.45   76.52    88.4  16   0WEATNY.DAT  
NY PLATTSBURGH         44.70   73.47    51.8  17   0WEATNY.DAT  
NY ROCHESTER WB AP     43.12   77.67   164.6  18   0WEATNY.DAT  
NY SYRACUSE WB AIRPORT 43.07   76.27   121.9  19   0WEATNY.DAT  
NY TROY LOCK AND DAM   42.75   73.68     6.1  20   0WEATNY.DAT  
NY TUPPER LK SUNMOUNT  44.23   74.43   512.1  21   0WEATNY.DAT  
NY UTICA CAA AP        43.15   75.38   216.4  22   0WEATNY.DAT  
NY WESTFIELD           42.28   79.60   320.0  23   0WEATNY.DAT  
NY WHITEHALL           43.55   73.40    36.6  24   0WEATNY.DAT  
