MI ALBERTA FORD FRCNTR 46.65   88.48   399.3   1   0WEATMI.DAT  
MI ALMA                43.38   84.67   225.6   2   0WEATMI.DAT  
MI ALPENA STATE FOREST 45.07   83.53   210.3   3   0WEATMI.DAT  
MI ANN ARBOR U OF MICH 42.28   83.75   283.5   4   0WEATMI.DAT  
MI BIG RAPIDS WATERWRK 43.70   85.48   283.5   5   0WEATMI.DAT  
MI CARO                43.48   83.40   216.4   6   0WEATMI.DAT  
MI CHATHAM EXP FARM    46.35   86.93   268.2   7   0WEATMI.DAT  
MI CHEBOYGAN           45.63   84.50   185.9   8   0WEATMI.DAT  
MI FAYETTE SACK BAY    45.63   86.68   189.0   9   0WEATMI.DAT  
MI FIFE LAKE ST FOREST 44.55   85.35   317.0  10   0WEATMI.DAT  
MI GULL LAKE EXP FARM  42.40   85.38   286.5  11   0WEATMI.DAT  
MI HALE FIVE CHNNLS DM 44.45   83.68   234.7  12   0WEATMI.DAT  
MI HESPERIA            43.57   86.03   234.7  13   0WEATMI.DAT  
MI HOUGHTON FAA AP     47.17   88.50    30.5  14   0WEATMI.DAT  
MI HOUGHTON LK ST FOR  44.27   84.73   365.8  15   0WEATMI.DAT  
MI IRONWOOD POWER CO   46.45   90.18   463.3  16   0WEATMI.DAT  
MI ISHPEMING           46.48   87.65   438.9  17   0WEATMI.DAT  
MI JACKSON CAA AP      42.27   84.47   301.8  18   0WEATMI.DAT  
MI MANISTEE POWER CO   44.22   86.30   182.9  19   0WEATMI.DAT  
MI NEWBERRY STATE HOSP 46.33   85.50   271.3  20   0WEATMI.DAT  
MI ST JAMES BEAVER IS  45.75   85.50   182.9  21   0WEATMI.DAT  
MI SANDUSKY            43.42   82.83   234.7  22   0WEATMI.DAT  
MI SAULT ST MAR WBAP   46.47   84.37   219.5  23   0WEATMI.DAT  
MI SOUTH HAVEN EX FARM 42.40   86.27   179.8  24   0WEATMI.DAT  
MI STEPHENSON 5 W      45.40   87.72   219.5  25   0WEATMI.DAT  
MI WATERSMEET US FRST  46.28   89.17   490.7  26   0WEATMI.DAT  
