OR AUSTIN 3 S          44.58  118.50  1283.2   1   0WEATOR.DAT  
OR BROTHERS            43.80  120.60  1414.3   2   0WEATOR.DAT  
OR CASCADIA R S        44.38  122.50   243.8   3   0WEATOR.DAT  
OR CLATSKANIE 3 W      46.10  123.28    24.4   4   0WEATOR.DAT  
OR CORVALLIS ST COL    44.57  123.28    79.2   5   0WEATOR.DAT  
OR ELKTON 2 W          43.65  123.60    39.6   6   0WEATOR.DAT  
OR GOLD BEACH RS       42.40  124.42    15.2   7   0WEATOR.DAT  
OR HART MOUNTAIN REF   42.55  119.65  1713.0   8   0WEATOR.DAT  
OR HEPPNER             45.35  119.55   594.4   9   0WEATOR.DAT  
OR HOOD RIVER EXP STA  45.68  121.52   152.4  10   0WEATOR.DAT  
OR HUNTINGTON          44.35  117.27   655.3  11   0WEATOR.DAT  
OR MALHEUR REFUGE HDQ  43.28  118.83  1249.7  12   0WEATOR.DAT  
OR MEDFORD WB AP       42.37  122.87   399.3  13   0WEATOR.DAT  
OR METOLIUS 1 W        44.58  121.18   762.0  14   0WEATOR.DAT  
OR MONUMENT 2          44.82  119.42   606.6  15   0WEATOR.DAT  
OR MORO                45.48  120.72   570.0  16   0WEATOR.DAT  
OR NORTH BEND CAA AP   43.42  124.25     3.0  17   0WEATOR.DAT  
OR MITCHELL 17 SW OCH  44.40  120.43   118.9  18   0WEATOR.DAT  
OR OWYHEE DAM          43.65  117.25   731.5  19   0WEATOR.DAT  
OR PAISLEY             42.70  120.55  1332.0  20   0WEATOR.DAT  
OR PILOT ROCK          45.48  118.83   499.9  21   0WEATOR.DAT  
OR PORTLAND WB AP      45.60  122.60     6.1  22   0WEATOR.DAT  
OR P-RANCH REFUGE      42.82  118.88  1283.2  23   0WEATOR.DAT  
OR ROME                42.83  117.63  1036.3  24   0WEATOR.DAT  
OR ROSEBURG AP         43.23  123.37   146.3  25   0WEATOR.DAT  
OR SEXTON SUMMIT WB    42.62  123.37  1170.4  26   0WEATOR.DAT  
OR SPRAGUE RIVER       42.45  121.50  1328.9  27   0WEATOR.DAT  
OR SUNTEX              43.60  119.63  1313.7  28   0WEATOR.DAT  
OR TILLAMOOK           45.48  123.85    12.2  29   0WEATOR.DAT  
OR TOKETEE FALLS       43.28  122.45   627.9  30   0WEATOR.DAT  
OR WALLOWA             45.57  117.53   899.2  31   0WEATOR.DAT  
OR WICKIUP DAM         43.68  121.70  1319.8  32   0WEATOR.DAT  
