SD ABERDEEN            45.48   98.43   396.2   1   0WEATSD.DAT  
SD ARMOUR              43.32   98.35   460.2   2   0WEATSD.DAT  
SD BRIDGEWATER         43.55   97.50   432.8   3   0WEATSD.DAT  
SD BROOKINGS           44.30   96.75   493.8   4   0WEATSD.DAT  
SD DE SMET             44.38   97.55   527.3   5   0WEATSD.DAT  
SD EUREKA              45.77   99.62   573.0   6   0WEATSD.DAT  
SD FORT MEADE          44.40  103.47  1005.8   7   0WEATSD.DAT  
SD HIGHMORE 1 W        44.52   99.47   576.1   8   0WEATSD.DAT  
SD HOPEWELL 1SE        44.50  100.87   585.2   9   0WEATSD.DAT  
SD HOT SPRINGS         43.43  103.47  1082.0  10   0WEATSD.DAT  
SD HURON WB AIRPORT    44.38   98.22   390.1  11   0WEATSD.DAT  
SD LONG VALLEY         43.47  101.50   752.9  12   0WEATSD.DAT  
SD MADISON 1 WNW       44.00   97.13   524.3  13   0WEATSD.DAT  
SD MADISON RSRCH FARM  44.03   97.17   533.4  14   0WEATSD.DAT  
SD MILESVILLE          44.45  101.65   713.2  15   0WEATSD.DAT  
SD MOBRIDGE            45.52  100.42   509.0  16   0WEATSD.DAT  
SD PIERRE CAA AP       44.38  100.28   524.3  17   0WEATSD.DAT  
SD PORCUPINE 16NW      43.43  102.52   841.2  18   0WEATSD.DAT  
SD REDIG 9 NE          45.37  103.40   911.4  19   0WEATSD.DAT  
SD SIOUX FALLS WBAP    43.57   96.73   432.8  20   0WEATSD.DAT  
SD TIMBER LAKE         45.43  101.07   658.4  21   0WEATSD.DAT  
SD USTA 8 WNW          45.25  102.32   725.4  22   0WEATSD.DAT  
SD WASTA               44.07  102.43   707.1  23   0WEATSD.DAT  
SD WAUBAY NATL WLDLFE  45.43   97.33   557.8  24   0WEATSD.DAT  
SD WINNER              43.38   99.87   600.5  25   0WEATSD.DAT  
SD WOOD                43.50  100.48   664.5  26   0WEATSD.DAT  
